[2025-06-06T10:08:40.746+0000] {local_task_job_runner.py:120} INFO - ::group::Pre task execution logs
[2025-06-06T10:08:41.251+0000] {taskinstance.py:2076} INFO - Dependencies all met for dep_context=non-requeueable deps ti=<TaskInstance: etl_landing.tg_customer.tg_preprocess_customer.customer_chunk_sanity scheduled__2025-06-05T00:00:00+00:00 [queued]>
[2025-06-06T10:08:41.283+0000] {taskinstance.py:2076} INFO - Dependencies all met for dep_context=requeueable deps ti=<TaskInstance: etl_landing.tg_customer.tg_preprocess_customer.customer_chunk_sanity scheduled__2025-06-05T00:00:00+00:00 [queued]>
[2025-06-06T10:08:41.285+0000] {taskinstance.py:2306} INFO - Starting attempt 1 of 1
[2025-06-06T10:08:41.332+0000] {taskinstance.py:2330} INFO - Executing <Task(_BranchPythonDecoratedOperator): tg_customer.tg_preprocess_customer.customer_chunk_sanity> on 2025-06-05 00:00:00+00:00
[2025-06-06T10:08:41.363+0000] {logging_mixin.py:188} WARNING - /home/airflow/.local/lib/python3.12/site-packages/airflow/task/task_runner/standard_task_runner.py:61 DeprecationWarning: This process (pid=284) is multi-threaded, use of fork() may lead to deadlocks in the child.
[2025-06-06T10:08:41.363+0000] {standard_task_runner.py:90} INFO - Running: ['airflow', 'tasks', 'run', 'etl_landing', 'tg_customer.tg_preprocess_customer.customer_chunk_sanity', 'scheduled__2025-06-05T00:00:00+00:00', '--job-id', '10', '--raw', '--subdir', 'DAGS_FOLDER/etl_landing/dag.py', '--cfg-path', '/tmp/tmpul8d4d6k']
[2025-06-06T10:08:41.370+0000] {standard_task_runner.py:63} INFO - Started process 303 to run task
[2025-06-06T10:08:41.371+0000] {standard_task_runner.py:91} INFO - Job 10: Subtask tg_customer.tg_preprocess_customer.customer_chunk_sanity
[2025-06-06T10:08:41.523+0000] {task_command.py:426} INFO - Running <TaskInstance: etl_landing.tg_customer.tg_preprocess_customer.customer_chunk_sanity scheduled__2025-06-05T00:00:00+00:00 [running]> on host b168fc67a480
[2025-06-06T10:08:41.872+0000] {taskinstance.py:2648} INFO - Exporting env vars: AIRFLOW_CTX_DAG_OWNER='airflow' AIRFLOW_CTX_DAG_ID='etl_landing' AIRFLOW_CTX_TASK_ID='tg_customer.tg_preprocess_customer.customer_chunk_sanity' AIRFLOW_CTX_EXECUTION_DATE='2025-06-05T00:00:00+00:00' AIRFLOW_CTX_TRY_NUMBER='1' AIRFLOW_CTX_DAG_RUN_ID='scheduled__2025-06-05T00:00:00+00:00'
[2025-06-06T10:08:41.882+0000] {taskinstance.py:430} INFO - ::endgroup::
[2025-06-06T10:08:41.885+0000] {python.py:237} INFO - Done. Returned value was: ['tg_customer.tg_preprocess_customer.prepare_customer_parameters', 'tg_customer.tg_preprocess_customer.deindex_target_customer']
[2025-06-06T10:08:41.886+0000] {branch.py:36} INFO - Branch into ['tg_customer.tg_preprocess_customer.prepare_customer_parameters', 'tg_customer.tg_preprocess_customer.deindex_target_customer']
[2025-06-06T10:08:41.888+0000] {skipmixin.py:178} INFO - Following branch ['tg_customer.tg_preprocess_customer.prepare_customer_parameters', 'tg_customer.tg_preprocess_customer.deindex_target_customer']
[2025-06-06T10:08:41.985+0000] {skipmixin.py:246} INFO - Skipping tasks []
[2025-06-06T10:08:42.056+0000] {taskinstance.py:441} INFO - ::group::Post task execution logs
[2025-06-06T10:08:42.175+0000] {taskinstance.py:1206} INFO - Marking task as SUCCESS. dag_id=etl_landing, task_id=tg_customer.tg_preprocess_customer.customer_chunk_sanity, run_id=scheduled__2025-06-05T00:00:00+00:00, execution_date=20250605T000000, start_date=20250606T100841, end_date=20250606T100842
[2025-06-06T10:08:42.243+0000] {local_task_job_runner.py:240} INFO - Task exited with return code 0
[2025-06-06T10:08:42.380+0000] {taskinstance.py:3498} INFO - 2 downstream tasks scheduled from follow-on schedule check
[2025-06-06T10:08:42.384+0000] {local_task_job_runner.py:222} INFO - ::endgroup::
