[2025-06-06T10:09:55.852+0000] {local_task_job_runner.py:120} INFO - ::group::Pre task execution logs
[2025-06-06T10:09:56.115+0000] {taskinstance.py:2076} INFO - Dependencies all met for dep_context=non-requeueable deps ti=<TaskInstance: etl_ods.tg_customer.tg_postprocess_customer.mark_last_loaded_customer manual__2025-06-06T10:09:16.601242+00:00 [queued]>
[2025-06-06T10:09:56.135+0000] {taskinstance.py:2076} INFO - Dependencies all met for dep_context=requeueable deps ti=<TaskInstance: etl_ods.tg_customer.tg_postprocess_customer.mark_last_loaded_customer manual__2025-06-06T10:09:16.601242+00:00 [queued]>
[2025-06-06T10:09:56.137+0000] {taskinstance.py:2306} INFO - Starting attempt 1 of 1
[2025-06-06T10:09:56.160+0000] {taskinstance.py:2330} INFO - Executing <Task(_PythonDecoratedOperator): tg_customer.tg_postprocess_customer.mark_last_loaded_customer> on 2025-06-06 10:09:16.601242+00:00
[2025-06-06T10:09:56.173+0000] {logging_mixin.py:188} WARNING - /home/airflow/.local/lib/python3.12/site-packages/airflow/task/task_runner/standard_task_runner.py:61 DeprecationWarning: This process (pid=524) is multi-threaded, use of fork() may lead to deadlocks in the child.
[2025-06-06T10:09:56.175+0000] {standard_task_runner.py:63} INFO - Started process 527 to run task
[2025-06-06T10:09:56.173+0000] {standard_task_runner.py:90} INFO - Running: ['airflow', 'tasks', 'run', 'etl_ods', 'tg_customer.tg_postprocess_customer.mark_last_loaded_customer', 'manual__2025-06-06T10:09:16.601242+00:00', '--job-id', '62', '--raw', '--subdir', 'DAGS_FOLDER/etl_ods/dag.py', '--cfg-path', '/tmp/tmp8pvrddpm']
[2025-06-06T10:09:56.176+0000] {standard_task_runner.py:91} INFO - Job 62: Subtask tg_customer.tg_postprocess_customer.mark_last_loaded_customer
[2025-06-06T10:09:56.269+0000] {task_command.py:426} INFO - Running <TaskInstance: etl_ods.tg_customer.tg_postprocess_customer.mark_last_loaded_customer manual__2025-06-06T10:09:16.601242+00:00 [running]> on host b168fc67a480
[2025-06-06T10:09:56.546+0000] {taskinstance.py:2648} INFO - Exporting env vars: AIRFLOW_CTX_DAG_OWNER='airflow' AIRFLOW_CTX_DAG_ID='etl_ods' AIRFLOW_CTX_TASK_ID='tg_customer.tg_postprocess_customer.mark_last_loaded_customer' AIRFLOW_CTX_EXECUTION_DATE='2025-06-06T10:09:16.601242+00:00' AIRFLOW_CTX_TRY_NUMBER='1' AIRFLOW_CTX_DAG_RUN_ID='manual__2025-06-06T10:09:16.601242+00:00'
[2025-06-06T10:09:56.551+0000] {taskinstance.py:430} INFO - ::endgroup::
[2025-06-06T10:09:56.557+0000] {tasks.py:214} INFO - Loading SQL from file: /opt/airflow/sql/postgres_data_warehouse/insert_load_audit.sql
[2025-06-06T10:09:56.589+0000] {tasks.py:229} INFO - Split into 1 individual SQL statements
[2025-06-06T10:09:56.590+0000] {tasks.py:233} INFO - Executing:
INSERT INTO public.load_audit (table_name, last_loaded, data_quality)
VALUES
    (%s, NOW(), %s)
ON CONFLICT (table_name) DO UPDATE
SET 
    last_loaded = EXCLUDED.last_loaded,
    data_quality = EXCLUDED.data_quality
WHERE (
    public.load_audit.last_loaded,
    public.load_audit.data_quality) 
IS DISTINCT FROM (
    EXCLUDED.last_loaded,
    EXCLUDED.data_quality);
 with parameters: ('ods.customer', "[[['customer', 54]], [[0]], [[0]]]")
[2025-06-06T10:09:56.610+0000] {base.py:84} INFO - Using connection ID 'postgres_default' for task execution.
[2025-06-06T10:09:56.620+0000] {sql.py:470} INFO - Running statement: INSERT INTO public.load_audit (table_name, last_loaded, data_quality)
VALUES
    (%s, NOW(), %s)
ON CONFLICT (table_name) DO UPDATE
SET 
    last_loaded = EXCLUDED.last_loaded,
    data_quality = EXCLUDED.data_quality
WHERE (
    public.load_audit.last_loaded,
    public.load_audit.data_quality) 
IS DISTINCT FROM (
    EXCLUDED.last_loaded,
    EXCLUDED.data_quality);, parameters: ('ods.customer', "[[['customer', 54]], [[0]], [[0]]]")
[2025-06-06T10:09:56.624+0000] {sql.py:479} INFO - Rows affected: 1
[2025-06-06T10:09:56.628+0000] {python.py:237} INFO - Done. Returned value was: [None]
[2025-06-06T10:09:56.630+0000] {taskinstance.py:441} INFO - ::group::Post task execution logs
[2025-06-06T10:09:56.682+0000] {taskinstance.py:1206} INFO - Marking task as SUCCESS. dag_id=etl_ods, task_id=tg_customer.tg_postprocess_customer.mark_last_loaded_customer, run_id=manual__2025-06-06T10:09:16.601242+00:00, execution_date=20250606T100916, start_date=20250606T100956, end_date=20250606T100956
[2025-06-06T10:09:56.752+0000] {local_task_job_runner.py:240} INFO - Task exited with return code 0
[2025-06-06T10:09:56.819+0000] {taskinstance.py:3498} INFO - 0 downstream tasks scheduled from follow-on schedule check
[2025-06-06T10:09:56.823+0000] {local_task_job_runner.py:222} INFO - ::endgroup::
