[2025-06-06T10:08:35.251+0000] {local_task_job_runner.py:120} INFO - ::group::Pre task execution logs
[2025-06-06T10:08:36.027+0000] {taskinstance.py:2076} INFO - Dependencies all met for dep_context=non-requeueable deps ti=<TaskInstance: etl_landing.tg_salesorder.tg_preprocess_salesorder.truncate_target_salesorder scheduled__2025-06-05T00:00:00+00:00 [queued]>
[2025-06-06T10:08:36.104+0000] {taskinstance.py:2076} INFO - Dependencies all met for dep_context=requeueable deps ti=<TaskInstance: etl_landing.tg_salesorder.tg_preprocess_salesorder.truncate_target_salesorder scheduled__2025-06-05T00:00:00+00:00 [queued]>
[2025-06-06T10:08:36.110+0000] {taskinstance.py:2306} INFO - Starting attempt 1 of 1
[2025-06-06T10:08:36.173+0000] {taskinstance.py:2330} INFO - Executing <Task(SQLExecuteQueryOperator): tg_salesorder.tg_preprocess_salesorder.truncate_target_salesorder> on 2025-06-05 00:00:00+00:00
[2025-06-06T10:08:36.214+0000] {logging_mixin.py:188} WARNING - /home/airflow/.local/lib/python3.12/site-packages/airflow/task/task_runner/standard_task_runner.py:61 DeprecationWarning: This process (pid=251) is multi-threaded, use of fork() may lead to deadlocks in the child.
[2025-06-06T10:08:36.220+0000] {standard_task_runner.py:63} INFO - Started process 276 to run task
[2025-06-06T10:08:36.225+0000] {standard_task_runner.py:90} INFO - Running: ['airflow', 'tasks', 'run', 'etl_landing', 'tg_salesorder.tg_preprocess_salesorder.truncate_target_salesorder', 'scheduled__2025-06-05T00:00:00+00:00', '--job-id', '9', '--raw', '--subdir', 'DAGS_FOLDER/etl_landing/dag.py', '--cfg-path', '/tmp/tmpi1g0p8jc']
[2025-06-06T10:08:36.235+0000] {standard_task_runner.py:91} INFO - Job 9: Subtask tg_salesorder.tg_preprocess_salesorder.truncate_target_salesorder
[2025-06-06T10:08:36.470+0000] {task_command.py:426} INFO - Running <TaskInstance: etl_landing.tg_salesorder.tg_preprocess_salesorder.truncate_target_salesorder scheduled__2025-06-05T00:00:00+00:00 [running]> on host b168fc67a480
[2025-06-06T10:08:36.878+0000] {taskinstance.py:2648} INFO - Exporting env vars: AIRFLOW_CTX_DAG_OWNER='airflow' AIRFLOW_CTX_DAG_ID='etl_landing' AIRFLOW_CTX_TASK_ID='tg_salesorder.tg_preprocess_salesorder.truncate_target_salesorder' AIRFLOW_CTX_EXECUTION_DATE='2025-06-05T00:00:00+00:00' AIRFLOW_CTX_TRY_NUMBER='1' AIRFLOW_CTX_DAG_RUN_ID='scheduled__2025-06-05T00:00:00+00:00'
[2025-06-06T10:08:36.885+0000] {taskinstance.py:430} INFO - ::endgroup::
[2025-06-06T10:08:36.886+0000] {sql.py:276} INFO - Executing: TRUNCATE TABLE lz.salesorder RESTART IDENTITY CASCADE;
[2025-06-06T10:08:36.915+0000] {base.py:84} INFO - Using connection ID 'postgres_default' for task execution.
[2025-06-06T10:08:36.957+0000] {base.py:84} INFO - Using connection ID 'postgres_default' for task execution.
[2025-06-06T10:08:36.970+0000] {sql.py:470} INFO - Running statement: TRUNCATE TABLE lz.salesorder RESTART IDENTITY CASCADE;, parameters: None
[2025-06-06T10:08:37.434+0000] {taskinstance.py:441} INFO - ::group::Post task execution logs
[2025-06-06T10:08:37.489+0000] {taskinstance.py:1206} INFO - Marking task as SUCCESS. dag_id=etl_landing, task_id=tg_salesorder.tg_preprocess_salesorder.truncate_target_salesorder, run_id=scheduled__2025-06-05T00:00:00+00:00, execution_date=20250605T000000, start_date=20250606T100836, end_date=20250606T100837
[2025-06-06T10:08:37.572+0000] {local_task_job_runner.py:240} INFO - Task exited with return code 0
[2025-06-06T10:08:37.601+0000] {local_task_job_runner.py:222} INFO - ::endgroup::
