[2025-06-06T10:09:50.047+0000] {local_task_job_runner.py:120} INFO - ::group::Pre task execution logs
[2025-06-06T10:09:50.313+0000] {taskinstance.py:2076} INFO - Dependencies all met for dep_context=non-requeueable deps ti=<TaskInstance: etl_ods.tg_product.tg_postprocess_product.data_quality_check_product manual__2025-06-06T10:09:16.601242+00:00 [queued]>
[2025-06-06T10:09:50.328+0000] {taskinstance.py:2076} INFO - Dependencies all met for dep_context=requeueable deps ti=<TaskInstance: etl_ods.tg_product.tg_postprocess_product.data_quality_check_product manual__2025-06-06T10:09:16.601242+00:00 [queued]>
[2025-06-06T10:09:50.330+0000] {taskinstance.py:2306} INFO - Starting attempt 1 of 1
[2025-06-06T10:09:50.346+0000] {taskinstance.py:2330} INFO - Executing <Task(_PythonDecoratedOperator): tg_product.tg_postprocess_product.data_quality_check_product> on 2025-06-06 10:09:16.601242+00:00
[2025-06-06T10:09:50.360+0000] {logging_mixin.py:188} WARNING - /home/airflow/.local/lib/python3.12/site-packages/airflow/task/task_runner/standard_task_runner.py:61 DeprecationWarning: This process (pid=509) is multi-threaded, use of fork() may lead to deadlocks in the child.
[2025-06-06T10:09:50.362+0000] {standard_task_runner.py:63} INFO - Started process 512 to run task
[2025-06-06T10:09:50.366+0000] {standard_task_runner.py:90} INFO - Running: ['airflow', 'tasks', 'run', 'etl_ods', 'tg_product.tg_postprocess_product.data_quality_check_product', 'manual__2025-06-06T10:09:16.601242+00:00', '--job-id', '57', '--raw', '--subdir', 'DAGS_FOLDER/etl_ods/dag.py', '--cfg-path', '/tmp/tmp2h2b2_qc']
[2025-06-06T10:09:50.370+0000] {standard_task_runner.py:91} INFO - Job 57: Subtask tg_product.tg_postprocess_product.data_quality_check_product
[2025-06-06T10:09:50.463+0000] {task_command.py:426} INFO - Running <TaskInstance: etl_ods.tg_product.tg_postprocess_product.data_quality_check_product manual__2025-06-06T10:09:16.601242+00:00 [running]> on host b168fc67a480
[2025-06-06T10:09:50.611+0000] {taskinstance.py:2648} INFO - Exporting env vars: AIRFLOW_CTX_DAG_OWNER='airflow' AIRFLOW_CTX_DAG_ID='etl_ods' AIRFLOW_CTX_TASK_ID='tg_product.tg_postprocess_product.data_quality_check_product' AIRFLOW_CTX_EXECUTION_DATE='2025-06-06T10:09:16.601242+00:00' AIRFLOW_CTX_TRY_NUMBER='1' AIRFLOW_CTX_DAG_RUN_ID='manual__2025-06-06T10:09:16.601242+00:00'
[2025-06-06T10:09:50.613+0000] {taskinstance.py:430} INFO - ::endgroup::
[2025-06-06T10:09:50.619+0000] {tasks.py:214} INFO - Loading SQL from file: /opt/airflow/sql/postgres_data_warehouse/ods/product/ods_product_data_quality_check.sql
[2025-06-06T10:09:50.645+0000] {tasks.py:221} INFO - processed query: -- Check 1: Row counts
SELECT 'product' AS table_name, COUNT(*) AS row_count FROM ods.product;

-- Check 2: Critical columns NOT NULL
SELECT COUNT(*) AS product_product_sku_nulls FROM ods.product WHERE product_sku IS NULL;
SELECT COUNT(*) AS product_product_name_nulls FROM ods.product WHERE product_name IS NULL;

-- Check 4: Unique constraints
SELECT product_sku, COUNT(*) FROM ods.product GROUP BY product_sku HAVING COUNT(*) > 1;, parameters: {'target_schema': 'ods', 'target_table': 'product'}
[2025-06-06T10:09:50.660+0000] {tasks.py:229} INFO - Split into 4 individual SQL statements
[2025-06-06T10:09:50.661+0000] {tasks.py:233} INFO - Executing:
-- Check 1: Row counts
SELECT 'product' AS table_name, COUNT(*) AS row_count FROM ods.product;
 with parameters: {'target_schema': 'ods', 'target_table': 'product'}
[2025-06-06T10:09:50.676+0000] {base.py:84} INFO - Using connection ID 'postgres_default' for task execution.
[2025-06-06T10:09:50.683+0000] {sql.py:470} INFO - Running statement: -- Check 1: Row counts
SELECT 'product' AS table_name, COUNT(*) AS row_count FROM ods.product;, parameters: None
[2025-06-06T10:09:50.687+0000] {sql.py:479} INFO - Rows affected: 1
[2025-06-06T10:09:50.688+0000] {tasks.py:240} INFO - Result: [('product', 4297)]
[2025-06-06T10:09:50.690+0000] {tasks.py:233} INFO - Executing:
-- Check 2: Critical columns NOT NULL
SELECT COUNT(*) AS product_product_sku_nulls FROM ods.product WHERE product_sku IS NULL;
 with parameters: {'target_schema': 'ods', 'target_table': 'product'}
[2025-06-06T10:09:50.700+0000] {base.py:84} INFO - Using connection ID 'postgres_default' for task execution.
[2025-06-06T10:09:50.707+0000] {sql.py:470} INFO - Running statement: -- Check 2: Critical columns NOT NULL
SELECT COUNT(*) AS product_product_sku_nulls FROM ods.product WHERE product_sku IS NULL;, parameters: None
[2025-06-06T10:09:50.709+0000] {sql.py:479} INFO - Rows affected: 1
[2025-06-06T10:09:50.711+0000] {tasks.py:240} INFO - Result: [(0,)]
[2025-06-06T10:09:50.712+0000] {tasks.py:233} INFO - Executing:
SELECT COUNT(*) AS product_product_name_nulls FROM ods.product WHERE product_name IS NULL;
 with parameters: {'target_schema': 'ods', 'target_table': 'product'}
[2025-06-06T10:09:50.723+0000] {base.py:84} INFO - Using connection ID 'postgres_default' for task execution.
[2025-06-06T10:09:50.730+0000] {sql.py:470} INFO - Running statement: SELECT COUNT(*) AS product_product_name_nulls FROM ods.product WHERE product_name IS NULL;, parameters: None
[2025-06-06T10:09:50.733+0000] {sql.py:479} INFO - Rows affected: 1
[2025-06-06T10:09:50.735+0000] {tasks.py:240} INFO - Result: [(0,)]
[2025-06-06T10:09:50.736+0000] {tasks.py:233} INFO - Executing:
-- Check 4: Unique constraints
SELECT product_sku, COUNT(*) FROM ods.product GROUP BY product_sku HAVING COUNT(*) > 1;
 with parameters: {'target_schema': 'ods', 'target_table': 'product'}
[2025-06-06T10:09:50.748+0000] {base.py:84} INFO - Using connection ID 'postgres_default' for task execution.
[2025-06-06T10:09:50.755+0000] {sql.py:470} INFO - Running statement: -- Check 4: Unique constraints
SELECT product_sku, COUNT(*) FROM ods.product GROUP BY product_sku HAVING COUNT(*) > 1;, parameters: None
[2025-06-06T10:09:50.761+0000] {sql.py:479} INFO - Rows affected: 0
[2025-06-06T10:09:50.763+0000] {tasks.py:240} INFO - Result: []
[2025-06-06T10:09:50.764+0000] {python.py:237} INFO - Done. Returned value was: [[('product', 4297)], [(0,)], [(0,)], []]
[2025-06-06T10:09:50.765+0000] {taskinstance.py:441} INFO - ::group::Post task execution logs
[2025-06-06T10:09:50.812+0000] {taskinstance.py:1206} INFO - Marking task as SUCCESS. dag_id=etl_ods, task_id=tg_product.tg_postprocess_product.data_quality_check_product, run_id=manual__2025-06-06T10:09:16.601242+00:00, execution_date=20250606T100916, start_date=20250606T100950, end_date=20250606T100950
[2025-06-06T10:09:50.859+0000] {local_task_job_runner.py:240} INFO - Task exited with return code 0
[2025-06-06T10:09:50.878+0000] {local_task_job_runner.py:222} INFO - ::endgroup::
