[2025-06-06T10:09:58.909+0000] {local_task_job_runner.py:120} INFO - ::group::Pre task execution logs
[2025-06-06T10:09:59.170+0000] {taskinstance.py:2076} INFO - Dependencies all met for dep_context=non-requeueable deps ti=<TaskInstance: etl_ods.tg_salesorderitem.tg_process_salesorderitem.process_fk_salesorderitem manual__2025-06-06T10:09:16.601242+00:00 map_index=0 [queued]>
[2025-06-06T10:09:59.192+0000] {taskinstance.py:2076} INFO - Dependencies all met for dep_context=requeueable deps ti=<TaskInstance: etl_ods.tg_salesorderitem.tg_process_salesorderitem.process_fk_salesorderitem manual__2025-06-06T10:09:16.601242+00:00 map_index=0 [queued]>
[2025-06-06T10:09:59.193+0000] {taskinstance.py:2306} INFO - Starting attempt 1 of 1
[2025-06-06T10:09:59.218+0000] {taskinstance.py:2330} INFO - Executing <Mapped(_PythonDecoratedOperator): tg_salesorderitem.tg_process_salesorderitem.process_fk_salesorderitem> on 2025-06-06 10:09:16.601242+00:00
[2025-06-06T10:09:59.232+0000] {logging_mixin.py:188} WARNING - /home/airflow/.local/lib/python3.12/site-packages/airflow/task/task_runner/standard_task_runner.py:61 DeprecationWarning: This process (pid=530) is multi-threaded, use of fork() may lead to deadlocks in the child.
[2025-06-06T10:09:59.234+0000] {standard_task_runner.py:63} INFO - Started process 534 to run task
[2025-06-06T10:09:59.234+0000] {standard_task_runner.py:90} INFO - Running: ['airflow', 'tasks', 'run', 'etl_ods', 'tg_salesorderitem.tg_process_salesorderitem.process_fk_salesorderitem', 'manual__2025-06-06T10:09:16.601242+00:00', '--job-id', '64', '--raw', '--subdir', 'DAGS_FOLDER/etl_ods/dag.py', '--cfg-path', '/tmp/tmpujqbbkzv', '--map-index', '0']
[2025-06-06T10:09:59.239+0000] {standard_task_runner.py:91} INFO - Job 64: Subtask tg_salesorderitem.tg_process_salesorderitem.process_fk_salesorderitem
[2025-06-06T10:09:59.346+0000] {task_command.py:426} INFO - Running <TaskInstance: etl_ods.tg_salesorderitem.tg_process_salesorderitem.process_fk_salesorderitem manual__2025-06-06T10:09:16.601242+00:00 map_index=0 [running]> on host b168fc67a480
[2025-06-06T10:09:59.510+0000] {taskinstance.py:2648} INFO - Exporting env vars: AIRFLOW_CTX_DAG_OWNER='airflow' AIRFLOW_CTX_DAG_ID='etl_ods' AIRFLOW_CTX_TASK_ID='tg_salesorderitem.tg_process_salesorderitem.process_fk_salesorderitem' AIRFLOW_CTX_EXECUTION_DATE='2025-06-06T10:09:16.601242+00:00' AIRFLOW_CTX_TRY_NUMBER='1' AIRFLOW_CTX_DAG_RUN_ID='manual__2025-06-06T10:09:16.601242+00:00'
[2025-06-06T10:09:59.513+0000] {taskinstance.py:430} INFO - ::endgroup::
[2025-06-06T10:09:59.519+0000] {tasks.py:214} INFO - Loading SQL from file: /opt/airflow/sql/postgres_data_warehouse/ods/salesorderitem/ods_process_fk_salesorderitem.sql
[2025-06-06T10:09:59.549+0000] {tasks.py:221} INFO - processed query: DELETE FROM ods.salesorderitem AS i
USING (
  SELECT i.item_id
  FROM ods.salesorderitem i
  LEFT JOIN ods.salesorder o ON i.order_id = o.id
  LEFT JOIN ods.product p ON i.product_id = p.product_id
  WHERE o.id IS NULL OR p.product_id IS NULL
) AS orphan_ids
WHERE i.item_id = orphan_ids.item_id;, parameters: {'var_text_clean_regex': '([[:cntrl:]]|Â|\xa0)+', 'source_schema': 'lz', 'source_table': 'salesorderitem', 'target_schema': 'ods', 'target_table': 'salesorderitem'}
[2025-06-06T10:09:59.567+0000] {tasks.py:229} INFO - Split into 1 individual SQL statements
[2025-06-06T10:09:59.569+0000] {tasks.py:233} INFO - Executing:
DELETE FROM ods.salesorderitem AS i
USING (
  SELECT i.item_id
  FROM ods.salesorderitem i
  LEFT JOIN ods.salesorder o ON i.order_id = o.id
  LEFT JOIN ods.product p ON i.product_id = p.product_id
  WHERE o.id IS NULL OR p.product_id IS NULL
) AS orphan_ids
WHERE i.item_id = orphan_ids.item_id;
 with parameters: {'var_text_clean_regex': '([[:cntrl:]]|Â|\xa0)+', 'source_schema': 'lz', 'source_table': 'salesorderitem', 'target_schema': 'ods', 'target_table': 'salesorderitem'}
[2025-06-06T10:09:59.584+0000] {base.py:84} INFO - Using connection ID 'postgres_default' for task execution.
[2025-06-06T10:09:59.593+0000] {sql.py:470} INFO - Running statement: DELETE FROM ods.salesorderitem AS i
USING (
  SELECT i.item_id
  FROM ods.salesorderitem i
  LEFT JOIN ods.salesorder o ON i.order_id = o.id
  LEFT JOIN ods.product p ON i.product_id = p.product_id
  WHERE o.id IS NULL OR p.product_id IS NULL
) AS orphan_ids
WHERE i.item_id = orphan_ids.item_id;, parameters: None
[2025-06-06T10:09:59.624+0000] {sql.py:479} INFO - Rows affected: 394
[2025-06-06T10:09:59.628+0000] {python.py:237} INFO - Done. Returned value was: [None]
[2025-06-06T10:09:59.630+0000] {taskinstance.py:441} INFO - ::group::Post task execution logs
[2025-06-06T10:09:59.693+0000] {taskinstance.py:1206} INFO - Marking task as SUCCESS. dag_id=etl_ods, task_id=tg_salesorderitem.tg_process_salesorderitem.process_fk_salesorderitem, run_id=manual__2025-06-06T10:09:16.601242+00:00, map_index=0, execution_date=20250606T100916, start_date=20250606T100959, end_date=20250606T100959
[2025-06-06T10:09:59.773+0000] {local_task_job_runner.py:240} INFO - Task exited with return code 0
[2025-06-06T10:09:59.838+0000] {taskinstance.py:3498} INFO - 1 downstream tasks scheduled from follow-on schedule check
[2025-06-06T10:09:59.841+0000] {local_task_job_runner.py:222} INFO - ::endgroup::
