[2025-06-06T10:09:52.627+0000] {local_task_job_runner.py:120} INFO - ::group::Pre task execution logs
[2025-06-06T10:09:52.969+0000] {taskinstance.py:2076} INFO - Dependencies all met for dep_context=non-requeueable deps ti=<TaskInstance: etl_ods.tg_salesorder.tg_process_salesorder.process_fk_salesorder manual__2025-06-06T10:09:16.601242+00:00 map_index=0 [queued]>
[2025-06-06T10:09:52.990+0000] {taskinstance.py:2076} INFO - Dependencies all met for dep_context=requeueable deps ti=<TaskInstance: etl_ods.tg_salesorder.tg_process_salesorder.process_fk_salesorder manual__2025-06-06T10:09:16.601242+00:00 map_index=0 [queued]>
[2025-06-06T10:09:52.991+0000] {taskinstance.py:2306} INFO - Starting attempt 1 of 1
[2025-06-06T10:09:53.015+0000] {taskinstance.py:2330} INFO - Executing <Mapped(_PythonDecoratedOperator): tg_salesorder.tg_process_salesorder.process_fk_salesorder> on 2025-06-06 10:09:16.601242+00:00
[2025-06-06T10:09:53.030+0000] {logging_mixin.py:188} WARNING - /home/airflow/.local/lib/python3.12/site-packages/airflow/task/task_runner/standard_task_runner.py:61 DeprecationWarning: This process (pid=514) is multi-threaded, use of fork() may lead to deadlocks in the child.
[2025-06-06T10:09:53.033+0000] {standard_task_runner.py:63} INFO - Started process 522 to run task
[2025-06-06T10:09:53.030+0000] {standard_task_runner.py:90} INFO - Running: ['airflow', 'tasks', 'run', 'etl_ods', 'tg_salesorder.tg_process_salesorder.process_fk_salesorder', 'manual__2025-06-06T10:09:16.601242+00:00', '--job-id', '60', '--raw', '--subdir', 'DAGS_FOLDER/etl_ods/dag.py', '--cfg-path', '/tmp/tmpiyvlh9mi', '--map-index', '0']
[2025-06-06T10:09:53.035+0000] {standard_task_runner.py:91} INFO - Job 60: Subtask tg_salesorder.tg_process_salesorder.process_fk_salesorder
[2025-06-06T10:09:53.145+0000] {task_command.py:426} INFO - Running <TaskInstance: etl_ods.tg_salesorder.tg_process_salesorder.process_fk_salesorder manual__2025-06-06T10:09:16.601242+00:00 map_index=0 [running]> on host b168fc67a480
[2025-06-06T10:09:53.338+0000] {taskinstance.py:2648} INFO - Exporting env vars: AIRFLOW_CTX_DAG_OWNER='airflow' AIRFLOW_CTX_DAG_ID='etl_ods' AIRFLOW_CTX_TASK_ID='tg_salesorder.tg_process_salesorder.process_fk_salesorder' AIRFLOW_CTX_EXECUTION_DATE='2025-06-06T10:09:16.601242+00:00' AIRFLOW_CTX_TRY_NUMBER='1' AIRFLOW_CTX_DAG_RUN_ID='manual__2025-06-06T10:09:16.601242+00:00'
[2025-06-06T10:09:53.341+0000] {taskinstance.py:430} INFO - ::endgroup::
[2025-06-06T10:09:53.346+0000] {tasks.py:214} INFO - Loading SQL from file: /opt/airflow/sql/postgres_data_warehouse/ods/salesorder/ods_process_fk_salesorder.sql
[2025-06-06T10:09:53.389+0000] {tasks.py:221} INFO - processed query: DELETE FROM ods.salesorder AS s
USING (
  SELECT s.id
  FROM ods.salesorder s
  LEFT JOIN ods.customer c ON s.customer_id = c.id
  WHERE c.id IS NULL
) AS orphan_ids
WHERE s.id = orphan_ids.id;, parameters: {'var_text_clean_regex': '([[:cntrl:]]|Â|\xa0)+', 'source_schema': 'lz', 'source_table': 'salesorder', 'target_schema': 'ods', 'target_table': 'salesorder'}
[2025-06-06T10:09:53.415+0000] {tasks.py:229} INFO - Split into 1 individual SQL statements
[2025-06-06T10:09:53.416+0000] {tasks.py:233} INFO - Executing:
DELETE FROM ods.salesorder AS s
USING (
  SELECT s.id
  FROM ods.salesorder s
  LEFT JOIN ods.customer c ON s.customer_id = c.id
  WHERE c.id IS NULL
) AS orphan_ids
WHERE s.id = orphan_ids.id;
 with parameters: {'var_text_clean_regex': '([[:cntrl:]]|Â|\xa0)+', 'source_schema': 'lz', 'source_table': 'salesorder', 'target_schema': 'ods', 'target_table': 'salesorder'}
[2025-06-06T10:09:53.440+0000] {base.py:84} INFO - Using connection ID 'postgres_default' for task execution.
[2025-06-06T10:09:53.451+0000] {sql.py:470} INFO - Running statement: DELETE FROM ods.salesorder AS s
USING (
  SELECT s.id
  FROM ods.salesorder s
  LEFT JOIN ods.customer c ON s.customer_id = c.id
  WHERE c.id IS NULL
) AS orphan_ids
WHERE s.id = orphan_ids.id;, parameters: None
[2025-06-06T10:09:53.467+0000] {sql.py:479} INFO - Rows affected: 2
[2025-06-06T10:09:53.471+0000] {python.py:237} INFO - Done. Returned value was: [None]
[2025-06-06T10:09:53.473+0000] {taskinstance.py:441} INFO - ::group::Post task execution logs
[2025-06-06T10:09:53.525+0000] {taskinstance.py:1206} INFO - Marking task as SUCCESS. dag_id=etl_ods, task_id=tg_salesorder.tg_process_salesorder.process_fk_salesorder, run_id=manual__2025-06-06T10:09:16.601242+00:00, map_index=0, execution_date=20250606T100916, start_date=20250606T100952, end_date=20250606T100953
[2025-06-06T10:09:53.572+0000] {local_task_job_runner.py:240} INFO - Task exited with return code 0
[2025-06-06T10:09:53.751+0000] {taskinstance.py:3498} INFO - 1 downstream tasks scheduled from follow-on schedule check
[2025-06-06T10:09:53.754+0000] {local_task_job_runner.py:222} INFO - ::endgroup::
