[2025-06-06T10:09:40.724+0000] {local_task_job_runner.py:120} INFO - ::group::Pre task execution logs
[2025-06-06T10:09:41.427+0000] {taskinstance.py:2076} INFO - Dependencies all met for dep_context=non-requeueable deps ti=<TaskInstance: etl_ods.tg_customer.tg_preprocess_customer.truncate_target_customer manual__2025-06-06T10:09:16.601242+00:00 [queued]>
[2025-06-06T10:09:41.484+0000] {taskinstance.py:2076} INFO - Dependencies all met for dep_context=requeueable deps ti=<TaskInstance: etl_ods.tg_customer.tg_preprocess_customer.truncate_target_customer manual__2025-06-06T10:09:16.601242+00:00 [queued]>
[2025-06-06T10:09:41.487+0000] {taskinstance.py:2306} INFO - Starting attempt 1 of 1
[2025-06-06T10:09:41.549+0000] {taskinstance.py:2330} INFO - Executing <Task(SQLExecuteQueryOperator): tg_customer.tg_preprocess_customer.truncate_target_customer> on 2025-06-06 10:09:16.601242+00:00
[2025-06-06T10:09:41.588+0000] {standard_task_runner.py:90} INFO - Running: ['airflow', 'tasks', 'run', 'etl_ods', 'tg_customer.tg_preprocess_customer.truncate_target_customer', 'manual__2025-06-06T10:09:16.601242+00:00', '--job-id', '51', '--raw', '--subdir', 'DAGS_FOLDER/etl_ods/dag.py', '--cfg-path', '/tmp/tmpr_1co6i2']
[2025-06-06T10:09:41.593+0000] {logging_mixin.py:188} WARNING - /home/airflow/.local/lib/python3.12/site-packages/airflow/task/task_runner/standard_task_runner.py:61 DeprecationWarning: This process (pid=458) is multi-threaded, use of fork() may lead to deadlocks in the child.
[2025-06-06T10:09:41.603+0000] {standard_task_runner.py:91} INFO - Job 51: Subtask tg_customer.tg_preprocess_customer.truncate_target_customer
[2025-06-06T10:09:41.603+0000] {standard_task_runner.py:63} INFO - Started process 472 to run task
[2025-06-06T10:09:41.787+0000] {task_command.py:426} INFO - Running <TaskInstance: etl_ods.tg_customer.tg_preprocess_customer.truncate_target_customer manual__2025-06-06T10:09:16.601242+00:00 [running]> on host b168fc67a480
[2025-06-06T10:09:42.083+0000] {taskinstance.py:2648} INFO - Exporting env vars: AIRFLOW_CTX_DAG_OWNER='airflow' AIRFLOW_CTX_DAG_ID='etl_ods' AIRFLOW_CTX_TASK_ID='tg_customer.tg_preprocess_customer.truncate_target_customer' AIRFLOW_CTX_EXECUTION_DATE='2025-06-06T10:09:16.601242+00:00' AIRFLOW_CTX_TRY_NUMBER='1' AIRFLOW_CTX_DAG_RUN_ID='manual__2025-06-06T10:09:16.601242+00:00'
[2025-06-06T10:09:42.089+0000] {taskinstance.py:430} INFO - ::endgroup::
[2025-06-06T10:09:42.092+0000] {sql.py:276} INFO - Executing: TRUNCATE TABLE ods.customer RESTART IDENTITY CASCADE;
            SELECT drop_special_constraints_and_indexes(
                'ods', 'customer', ARRAY['p','f','u']
            );
            ALTER TABLE ods.customer 
                DROP CONSTRAINT IF EXISTS customer_email_check CASCADE;
[2025-06-06T10:09:42.122+0000] {base.py:84} INFO - Using connection ID 'postgres_default' for task execution.
[2025-06-06T10:09:42.155+0000] {base.py:84} INFO - Using connection ID 'postgres_default' for task execution.
[2025-06-06T10:09:42.169+0000] {sql.py:470} INFO - Running statement: TRUNCATE TABLE ods.customer RESTART IDENTITY CASCADE;
            SELECT drop_special_constraints_and_indexes(
                'ods', 'customer', ARRAY['p','f','u']
            );
            ALTER TABLE ods.customer 
                DROP CONSTRAINT IF EXISTS customer_email_check CASCADE;, parameters: None
[2025-06-06T10:09:42.216+0000] {taskinstance.py:441} INFO - ::group::Post task execution logs
[2025-06-06T10:09:42.247+0000] {taskinstance.py:1206} INFO - Marking task as SUCCESS. dag_id=etl_ods, task_id=tg_customer.tg_preprocess_customer.truncate_target_customer, run_id=manual__2025-06-06T10:09:16.601242+00:00, execution_date=20250606T100916, start_date=20250606T100941, end_date=20250606T100942
[2025-06-06T10:09:42.330+0000] {local_task_job_runner.py:240} INFO - Task exited with return code 0
[2025-06-06T10:09:42.838+0000] {taskinstance.py:3498} INFO - 1 downstream tasks scheduled from follow-on schedule check
[2025-06-06T10:09:42.848+0000] {local_task_job_runner.py:222} INFO - ::endgroup::
