[2025-06-06T10:08:34.904+0000] {local_task_job_runner.py:120} INFO - ::group::Pre task execution logs
[2025-06-06T10:08:35.423+0000] {taskinstance.py:2076} INFO - Dependencies all met for dep_context=non-requeueable deps ti=<TaskInstance: etl_landing.tg_salesorder.tg_preprocess_salesorder.chunk_salesorder scheduled__2025-06-05T00:00:00+00:00 [queued]>
[2025-06-06T10:08:35.456+0000] {taskinstance.py:2076} INFO - Dependencies all met for dep_context=requeueable deps ti=<TaskInstance: etl_landing.tg_salesorder.tg_preprocess_salesorder.chunk_salesorder scheduled__2025-06-05T00:00:00+00:00 [queued]>
[2025-06-06T10:08:35.458+0000] {taskinstance.py:2306} INFO - Starting attempt 1 of 1
[2025-06-06T10:08:35.506+0000] {taskinstance.py:2330} INFO - Executing <Task(_PythonDecoratedOperator): tg_salesorder.tg_preprocess_salesorder.chunk_salesorder> on 2025-06-05 00:00:00+00:00
[2025-06-06T10:08:35.546+0000] {logging_mixin.py:188} WARNING - /home/airflow/.local/lib/python3.12/site-packages/airflow/task/task_runner/standard_task_runner.py:61 DeprecationWarning: This process (pid=248) is multi-threaded, use of fork() may lead to deadlocks in the child.
[2025-06-06T10:08:35.557+0000] {standard_task_runner.py:63} INFO - Started process 266 to run task
[2025-06-06T10:08:35.595+0000] {standard_task_runner.py:90} INFO - Running: ['airflow', 'tasks', 'run', 'etl_landing', 'tg_salesorder.tg_preprocess_salesorder.chunk_salesorder', 'scheduled__2025-06-05T00:00:00+00:00', '--job-id', '4', '--raw', '--subdir', 'DAGS_FOLDER/etl_landing/dag.py', '--cfg-path', '/tmp/tmprd9_4xkd']
[2025-06-06T10:08:35.605+0000] {standard_task_runner.py:91} INFO - Job 4: Subtask tg_salesorder.tg_preprocess_salesorder.chunk_salesorder
[2025-06-06T10:08:35.938+0000] {task_command.py:426} INFO - Running <TaskInstance: etl_landing.tg_salesorder.tg_preprocess_salesorder.chunk_salesorder scheduled__2025-06-05T00:00:00+00:00 [running]> on host b168fc67a480
[2025-06-06T10:08:36.427+0000] {taskinstance.py:2648} INFO - Exporting env vars: AIRFLOW_CTX_DAG_OWNER='airflow' AIRFLOW_CTX_DAG_ID='etl_landing' AIRFLOW_CTX_TASK_ID='tg_salesorder.tg_preprocess_salesorder.chunk_salesorder' AIRFLOW_CTX_EXECUTION_DATE='2025-06-05T00:00:00+00:00' AIRFLOW_CTX_TRY_NUMBER='1' AIRFLOW_CTX_DAG_RUN_ID='scheduled__2025-06-05T00:00:00+00:00'
[2025-06-06T10:08:36.436+0000] {taskinstance.py:430} INFO - ::endgroup::
[2025-06-06T10:08:36.472+0000] {base.py:84} INFO - Using connection ID 'mysql_default' for task execution.
[2025-06-06T10:08:36.518+0000] {sql.py:470} INFO - Running statement: SELECT COUNT(*) AS count
                    FROM (
                        SELECT DISTINCT s.*
                        FROM ounass_source.salesorder s
                        JOIN salesorderitem si
                            ON si.order_id = s.id
                        WHERE (si.modified_at >= %(start_time)s
                                AND si.modified_at < %(end_time)s)
                            OR (s.modified_at >= %(start_time)s
                                AND s.modified_at < %(end_time)s)
                    ) AS distinct_salesorder, parameters: {'start_time': datetime.datetime(2021, 7, 6, 0, 0), 'end_time': datetime.datetime(2021, 7, 7, 0, 0)}
[2025-06-06T10:08:36.649+0000] {sql.py:479} INFO - Rows affected: 1
[2025-06-06T10:08:36.694+0000] {chunking.py:84} INFO - Generated numeric chunks: [{'offset': 0, 'limit': 1000}, {'offset': 1000, 'limit': 1000}, {'offset': 2000, 'limit': 1000}, {'offset': 3000, 'limit': 1000}, {'offset': 4000, 'limit': 804}]
[2025-06-06T10:08:36.700+0000] {python.py:237} INFO - Done. Returned value was: [{'offset': 0, 'limit': 1000}, {'offset': 1000, 'limit': 1000}, {'offset': 2000, 'limit': 1000}, {'offset': 3000, 'limit': 1000}, {'offset': 4000, 'limit': 804}]
[2025-06-06T10:08:36.711+0000] {taskinstance.py:441} INFO - ::group::Post task execution logs
[2025-06-06T10:08:36.794+0000] {taskinstance.py:1206} INFO - Marking task as SUCCESS. dag_id=etl_landing, task_id=tg_salesorder.tg_preprocess_salesorder.chunk_salesorder, run_id=scheduled__2025-06-05T00:00:00+00:00, execution_date=20250605T000000, start_date=20250606T100835, end_date=20250606T100836
[2025-06-06T10:08:36.869+0000] {local_task_job_runner.py:240} INFO - Task exited with return code 0
[2025-06-06T10:08:37.038+0000] {taskinstance.py:3498} INFO - 1 downstream tasks scheduled from follow-on schedule check
[2025-06-06T10:08:37.046+0000] {local_task_job_runner.py:222} INFO - ::endgroup::
