[2025-06-06T10:08:53.418+0000] {local_task_job_runner.py:120} INFO - ::group::Pre task execution logs
[2025-06-06T10:08:54.767+0000] {taskinstance.py:2076} INFO - Dependencies all met for dep_context=non-requeueable deps ti=<TaskInstance: etl_landing.tg_salesorder.tg_process_salesorder.process_salesorder scheduled__2025-06-05T00:00:00+00:00 map_index=4 [queued]>
[2025-06-06T10:08:54.870+0000] {taskinstance.py:2076} INFO - Dependencies all met for dep_context=requeueable deps ti=<TaskInstance: etl_landing.tg_salesorder.tg_process_salesorder.process_salesorder scheduled__2025-06-05T00:00:00+00:00 map_index=4 [queued]>
[2025-06-06T10:08:54.903+0000] {taskinstance.py:2306} INFO - Starting attempt 1 of 1
[2025-06-06T10:08:55.046+0000] {taskinstance.py:2330} INFO - Executing <Mapped(_PythonDecoratedOperator): tg_salesorder.tg_process_salesorder.process_salesorder> on 2025-06-05 00:00:00+00:00
[2025-06-06T10:08:55.233+0000] {logging_mixin.py:188} WARNING - /home/airflow/.local/lib/python3.12/site-packages/airflow/task/task_runner/standard_task_runner.py:61 DeprecationWarning: This process (pid=333) is multi-threaded, use of fork() may lead to deadlocks in the child.
[2025-06-06T10:08:55.319+0000] {standard_task_runner.py:63} INFO - Started process 356 to run task
[2025-06-06T10:08:55.282+0000] {standard_task_runner.py:90} INFO - Running: ['airflow', 'tasks', 'run', 'etl_landing', 'tg_salesorder.tg_process_salesorder.process_salesorder', 'scheduled__2025-06-05T00:00:00+00:00', '--job-id', '19', '--raw', '--subdir', 'DAGS_FOLDER/etl_landing/dag.py', '--cfg-path', '/tmp/tmpixwmr4wl', '--map-index', '4']
[2025-06-06T10:08:55.354+0000] {standard_task_runner.py:91} INFO - Job 19: Subtask tg_salesorder.tg_process_salesorder.process_salesorder
[2025-06-06T10:08:55.740+0000] {task_command.py:426} INFO - Running <TaskInstance: etl_landing.tg_salesorder.tg_process_salesorder.process_salesorder scheduled__2025-06-05T00:00:00+00:00 map_index=4 [running]> on host b168fc67a480
[2025-06-06T10:08:56.468+0000] {taskinstance.py:2648} INFO - Exporting env vars: AIRFLOW_CTX_DAG_OWNER='airflow' AIRFLOW_CTX_DAG_ID='etl_landing' AIRFLOW_CTX_TASK_ID='tg_salesorder.tg_process_salesorder.process_salesorder' AIRFLOW_CTX_EXECUTION_DATE='2025-06-05T00:00:00+00:00' AIRFLOW_CTX_TRY_NUMBER='1' AIRFLOW_CTX_DAG_RUN_ID='scheduled__2025-06-05T00:00:00+00:00'
[2025-06-06T10:08:56.480+0000] {taskinstance.py:430} INFO - ::endgroup::
[2025-06-06T10:08:56.678+0000] {base.py:84} INFO - Using connection ID 'mysql_default' for task execution.
[2025-06-06T10:08:57.262+0000] {base.py:84} INFO - Using connection ID 'postgres_default' for task execution.
[2025-06-06T10:08:57.535+0000] {utils.py:114} INFO - Inserted batch 1 of 100 rows into lz.salesorder
[2025-06-06T10:08:57.698+0000] {utils.py:114} INFO - Inserted batch 2 of 100 rows into lz.salesorder
[2025-06-06T10:08:57.768+0000] {utils.py:114} INFO - Inserted batch 3 of 100 rows into lz.salesorder
[2025-06-06T10:08:57.878+0000] {utils.py:114} INFO - Inserted batch 4 of 100 rows into lz.salesorder
[2025-06-06T10:08:57.946+0000] {utils.py:114} INFO - Inserted batch 5 of 100 rows into lz.salesorder
[2025-06-06T10:08:58.132+0000] {base.py:84} INFO - Using connection ID 'postgres_default' for task execution.
[2025-06-06T10:08:58.289+0000] {utils.py:114} INFO - Inserted batch 1 of 100 rows into lz.salesorder
[2025-06-06T10:08:58.388+0000] {utils.py:114} INFO - Inserted batch 2 of 100 rows into lz.salesorder
[2025-06-06T10:08:58.435+0000] {utils.py:114} INFO - Inserted batch 3 of 100 rows into lz.salesorder
[2025-06-06T10:08:58.460+0000] {utils.py:114} INFO - Inserted batch 4 of 4 rows into lz.salesorder
[2025-06-06T10:08:58.471+0000] {python.py:237} INFO - Done. Returned value was: Inserted SELECT DISTINCT s.*
            FROM ounass_source.salesorder s
                JOIN salesorderitem si
                ON si.order_id = s.id
            WHERE (si.modified_at >= %(load_range_start_time)s
                    AND si.modified_at < %(load_range_end_time)s)
                OR (s.modified_at >= %(load_range_start_time)s
                    AND s.modified_at < %(load_range_end_time)s)
            ORDER BY s.id
            LIMIT %(salesorder_limit)s OFFSET %(salesorder_offset)s rows for parameters {'var_chunk_size': '1000', 'var_page_size': '500', 'var_batch_size': '100', 'var_text_clean_regex': '([[:cntrl:]]|Â|\xa0)+', 'load_range_start_time': datetime.datetime(2021, 7, 6, 0, 0), 'load_range_end_time': datetime.datetime(2021, 7, 7, 0, 0), 'salesorder_offset': 4000, 'salesorder_limit': 804}
[2025-06-06T10:08:58.518+0000] {taskinstance.py:441} INFO - ::group::Post task execution logs
[2025-06-06T10:08:58.934+0000] {taskinstance.py:1206} INFO - Marking task as SUCCESS. dag_id=etl_landing, task_id=tg_salesorder.tg_process_salesorder.process_salesorder, run_id=scheduled__2025-06-05T00:00:00+00:00, map_index=4, execution_date=20250605T000000, start_date=20250606T100854, end_date=20250606T100858
[2025-06-06T10:08:59.217+0000] {local_task_job_runner.py:240} INFO - Task exited with return code 0
[2025-06-06T10:08:59.331+0000] {local_task_job_runner.py:222} INFO - ::endgroup::
