[2025-06-06T10:08:54.332+0000] {local_task_job_runner.py:120} INFO - ::group::Pre task execution logs
[2025-06-06T10:08:55.973+0000] {taskinstance.py:2076} INFO - Dependencies all met for dep_context=non-requeueable deps ti=<TaskInstance: etl_landing.tg_salesorderitem.tg_process_salesorderitem.process_salesorderitem scheduled__2025-06-05T00:00:00+00:00 map_index=1 [queued]>
[2025-06-06T10:08:56.089+0000] {taskinstance.py:2076} INFO - Dependencies all met for dep_context=requeueable deps ti=<TaskInstance: etl_landing.tg_salesorderitem.tg_process_salesorderitem.process_salesorderitem scheduled__2025-06-05T00:00:00+00:00 map_index=1 [queued]>
[2025-06-06T10:08:56.093+0000] {taskinstance.py:2306} INFO - Starting attempt 1 of 1
[2025-06-06T10:08:56.232+0000] {taskinstance.py:2330} INFO - Executing <Mapped(_PythonDecoratedOperator): tg_salesorderitem.tg_process_salesorderitem.process_salesorderitem> on 2025-06-05 00:00:00+00:00
[2025-06-06T10:08:56.334+0000] {logging_mixin.py:188} WARNING - /home/airflow/.local/lib/python3.12/site-packages/airflow/task/task_runner/standard_task_runner.py:61 DeprecationWarning: This process (pid=330) is multi-threaded, use of fork() may lead to deadlocks in the child.
[2025-06-06T10:08:56.352+0000] {standard_task_runner.py:63} INFO - Started process 358 to run task
[2025-06-06T10:08:56.364+0000] {standard_task_runner.py:90} INFO - Running: ['airflow', 'tasks', 'run', 'etl_landing', 'tg_salesorderitem.tg_process_salesorderitem.process_salesorderitem', 'scheduled__2025-06-05T00:00:00+00:00', '--job-id', '21', '--raw', '--subdir', 'DAGS_FOLDER/etl_landing/dag.py', '--cfg-path', '/tmp/tmpl02924rq', '--map-index', '1']
[2025-06-06T10:08:56.371+0000] {standard_task_runner.py:91} INFO - Job 21: Subtask tg_salesorderitem.tg_process_salesorderitem.process_salesorderitem
[2025-06-06T10:08:56.859+0000] {task_command.py:426} INFO - Running <TaskInstance: etl_landing.tg_salesorderitem.tg_process_salesorderitem.process_salesorderitem scheduled__2025-06-05T00:00:00+00:00 map_index=1 [running]> on host b168fc67a480
[2025-06-06T10:08:57.807+0000] {taskinstance.py:2648} INFO - Exporting env vars: AIRFLOW_CTX_DAG_OWNER='airflow' AIRFLOW_CTX_DAG_ID='etl_landing' AIRFLOW_CTX_TASK_ID='tg_salesorderitem.tg_process_salesorderitem.process_salesorderitem' AIRFLOW_CTX_EXECUTION_DATE='2025-06-05T00:00:00+00:00' AIRFLOW_CTX_TRY_NUMBER='1' AIRFLOW_CTX_DAG_RUN_ID='scheduled__2025-06-05T00:00:00+00:00'
[2025-06-06T10:08:57.826+0000] {taskinstance.py:430} INFO - ::endgroup::
[2025-06-06T10:08:57.992+0000] {base.py:84} INFO - Using connection ID 'mysql_default' for task execution.
[2025-06-06T10:08:58.672+0000] {base.py:84} INFO - Using connection ID 'postgres_default' for task execution.
[2025-06-06T10:08:58.832+0000] {utils.py:114} INFO - Inserted batch 1 of 100 rows into lz.salesorderitem
[2025-06-06T10:08:58.998+0000] {utils.py:114} INFO - Inserted batch 2 of 100 rows into lz.salesorderitem
[2025-06-06T10:08:59.070+0000] {utils.py:114} INFO - Inserted batch 3 of 100 rows into lz.salesorderitem
[2025-06-06T10:08:59.133+0000] {utils.py:114} INFO - Inserted batch 4 of 100 rows into lz.salesorderitem
[2025-06-06T10:08:59.164+0000] {utils.py:114} INFO - Inserted batch 5 of 100 rows into lz.salesorderitem
[2025-06-06T10:08:59.348+0000] {base.py:84} INFO - Using connection ID 'postgres_default' for task execution.
[2025-06-06T10:08:59.467+0000] {utils.py:114} INFO - Inserted batch 1 of 100 rows into lz.salesorderitem
[2025-06-06T10:08:59.575+0000] {utils.py:114} INFO - Inserted batch 2 of 100 rows into lz.salesorderitem
[2025-06-06T10:08:59.616+0000] {utils.py:114} INFO - Inserted batch 3 of 100 rows into lz.salesorderitem
[2025-06-06T10:08:59.668+0000] {utils.py:114} INFO - Inserted batch 4 of 100 rows into lz.salesorderitem
[2025-06-06T10:08:59.702+0000] {utils.py:114} INFO - Inserted batch 5 of 100 rows into lz.salesorderitem
[2025-06-06T10:08:59.705+0000] {python.py:237} INFO - Done. Returned value was: Inserted SELECT DISTINCT si.*
            FROM ounass_source.salesorderitem si
                JOIN salesorder s
                ON s.id = si.order_id
            WHERE (s.modified_at >= %(load_range_start_time)s
                    AND s.modified_at < %(load_range_end_time)s)
                OR (si.modified_at >= %(load_range_start_time)s
                    AND si.modified_at < %(load_range_end_time)s)
            ORDER BY si.item_id, si.order_id
            LIMIT %(salesorderitem_limit)s OFFSET %(salesorderitem_offset)s rows for parameters {'var_chunk_size': '1000', 'var_page_size': '500', 'var_batch_size': '100', 'var_text_clean_regex': '([[:cntrl:]]|Â|\xa0)+', 'load_range_start_time': datetime.datetime(2021, 7, 6, 0, 0), 'load_range_end_time': datetime.datetime(2021, 7, 7, 0, 0), 'salesorderitem_offset': 1000, 'salesorderitem_limit': 1000}
[2025-06-06T10:08:59.725+0000] {taskinstance.py:441} INFO - ::group::Post task execution logs
[2025-06-06T10:08:59.847+0000] {taskinstance.py:1206} INFO - Marking task as SUCCESS. dag_id=etl_landing, task_id=tg_salesorderitem.tg_process_salesorderitem.process_salesorderitem, run_id=scheduled__2025-06-05T00:00:00+00:00, map_index=1, execution_date=20250605T000000, start_date=20250606T100855, end_date=20250606T100859
[2025-06-06T10:09:00.073+0000] {local_task_job_runner.py:240} INFO - Task exited with return code 0
[2025-06-06T10:09:00.170+0000] {local_task_job_runner.py:222} INFO - ::endgroup::
