[2025-06-06T10:09:50.047+0000] {local_task_job_runner.py:120} INFO - ::group::Pre task execution logs
[2025-06-06T10:09:50.314+0000] {taskinstance.py:2076} INFO - Dependencies all met for dep_context=non-requeueable deps ti=<TaskInstance: etl_ods.tg_customer.tg_postprocess_customer.add_constraints_customer manual__2025-06-06T10:09:16.601242+00:00 [queued]>
[2025-06-06T10:09:50.329+0000] {taskinstance.py:2076} INFO - Dependencies all met for dep_context=requeueable deps ti=<TaskInstance: etl_ods.tg_customer.tg_postprocess_customer.add_constraints_customer manual__2025-06-06T10:09:16.601242+00:00 [queued]>
[2025-06-06T10:09:50.330+0000] {taskinstance.py:2306} INFO - Starting attempt 1 of 1
[2025-06-06T10:09:50.346+0000] {taskinstance.py:2330} INFO - Executing <Task(_PythonDecoratedOperator): tg_customer.tg_postprocess_customer.add_constraints_customer> on 2025-06-06 10:09:16.601242+00:00
[2025-06-06T10:09:50.359+0000] {logging_mixin.py:188} WARNING - /home/airflow/.local/lib/python3.12/site-packages/airflow/task/task_runner/standard_task_runner.py:61 DeprecationWarning: This process (pid=508) is multi-threaded, use of fork() may lead to deadlocks in the child.
[2025-06-06T10:09:50.362+0000] {standard_task_runner.py:63} INFO - Started process 513 to run task
[2025-06-06T10:09:50.360+0000] {standard_task_runner.py:90} INFO - Running: ['airflow', 'tasks', 'run', 'etl_ods', 'tg_customer.tg_postprocess_customer.add_constraints_customer', 'manual__2025-06-06T10:09:16.601242+00:00', '--job-id', '56', '--raw', '--subdir', 'DAGS_FOLDER/etl_ods/dag.py', '--cfg-path', '/tmp/tmpqo2x1hr4']
[2025-06-06T10:09:50.364+0000] {standard_task_runner.py:91} INFO - Job 56: Subtask tg_customer.tg_postprocess_customer.add_constraints_customer
[2025-06-06T10:09:50.455+0000] {task_command.py:426} INFO - Running <TaskInstance: etl_ods.tg_customer.tg_postprocess_customer.add_constraints_customer manual__2025-06-06T10:09:16.601242+00:00 [running]> on host b168fc67a480
[2025-06-06T10:09:50.606+0000] {taskinstance.py:2648} INFO - Exporting env vars: AIRFLOW_CTX_DAG_OWNER='airflow' AIRFLOW_CTX_DAG_ID='etl_ods' AIRFLOW_CTX_TASK_ID='tg_customer.tg_postprocess_customer.add_constraints_customer' AIRFLOW_CTX_EXECUTION_DATE='2025-06-06T10:09:16.601242+00:00' AIRFLOW_CTX_TRY_NUMBER='1' AIRFLOW_CTX_DAG_RUN_ID='manual__2025-06-06T10:09:16.601242+00:00'
[2025-06-06T10:09:50.609+0000] {taskinstance.py:430} INFO - ::endgroup::
[2025-06-06T10:09:50.616+0000] {tasks.py:214} INFO - Loading SQL from file: /opt/airflow/sql/postgres_data_warehouse/ods/customer/ods_create_customer_constraints_indexes.sql
[2025-06-06T10:09:50.642+0000] {tasks.py:221} INFO - processed query: ALTER TABLE ods.customer 
    ADD CONSTRAINT customer_pkey PRIMARY KEY (id);
ALTER TABLE ods.customer 
    ADD CONSTRAINT customer_email_check 
        CHECK (email ~* '^[A-Za-z0-9._%+-]+@[A-Za-z0-9.-]+\.[A-Za-z]{2,}$');
CREATE INDEX IF NOT EXISTS 
    idx_customer_email ON ods.customer(email);, parameters: {'target_schema': 'ods', 'target_table': 'customer'}
[2025-06-06T10:09:50.656+0000] {tasks.py:229} INFO - Split into 3 individual SQL statements
[2025-06-06T10:09:50.657+0000] {tasks.py:233} INFO - Executing:
ALTER TABLE ods.customer 
    ADD CONSTRAINT customer_pkey PRIMARY KEY (id);
 with parameters: {'target_schema': 'ods', 'target_table': 'customer'}
[2025-06-06T10:09:50.670+0000] {base.py:84} INFO - Using connection ID 'postgres_default' for task execution.
[2025-06-06T10:09:50.679+0000] {sql.py:470} INFO - Running statement: ALTER TABLE ods.customer 
    ADD CONSTRAINT customer_pkey PRIMARY KEY (id);, parameters: None
[2025-06-06T10:09:50.689+0000] {tasks.py:233} INFO - Executing:
ALTER TABLE ods.customer 
    ADD CONSTRAINT customer_email_check 
        CHECK (email ~* '^[A-Za-z0-9._%+-]+@[A-Za-z0-9.-]+\.[A-Za-z]{2,}$');
 with parameters: {'target_schema': 'ods', 'target_table': 'customer'}
[2025-06-06T10:09:50.699+0000] {base.py:84} INFO - Using connection ID 'postgres_default' for task execution.
[2025-06-06T10:09:50.706+0000] {sql.py:470} INFO - Running statement: ALTER TABLE ods.customer 
    ADD CONSTRAINT customer_email_check 
        CHECK (email ~* '^[A-Za-z0-9._%+-]+@[A-Za-z0-9.-]+\.[A-Za-z]{2,}$');, parameters: None
[2025-06-06T10:09:50.712+0000] {tasks.py:233} INFO - Executing:
CREATE INDEX IF NOT EXISTS 
    idx_customer_email ON ods.customer(email);
 with parameters: {'target_schema': 'ods', 'target_table': 'customer'}
[2025-06-06T10:09:50.724+0000] {base.py:84} INFO - Using connection ID 'postgres_default' for task execution.
[2025-06-06T10:09:50.732+0000] {sql.py:470} INFO - Running statement: CREATE INDEX IF NOT EXISTS 
    idx_customer_email ON ods.customer(email);, parameters: None
[2025-06-06T10:09:50.743+0000] {python.py:237} INFO - Done. Returned value was: [None, None, None]
[2025-06-06T10:09:50.744+0000] {taskinstance.py:441} INFO - ::group::Post task execution logs
[2025-06-06T10:09:50.784+0000] {taskinstance.py:1206} INFO - Marking task as SUCCESS. dag_id=etl_ods, task_id=tg_customer.tg_postprocess_customer.add_constraints_customer, run_id=manual__2025-06-06T10:09:16.601242+00:00, execution_date=20250606T100916, start_date=20250606T100950, end_date=20250606T100950
[2025-06-06T10:09:50.859+0000] {local_task_job_runner.py:240} INFO - Task exited with return code 0
[2025-06-06T10:09:50.878+0000] {local_task_job_runner.py:222} INFO - ::endgroup::
