[2025-06-06T10:09:36.716+0000] {local_task_job_runner.py:120} INFO - ::group::Pre task execution logs
[2025-06-06T10:09:37.005+0000] {taskinstance.py:2076} INFO - Dependencies all met for dep_context=non-requeueable deps ti=<TaskInstance: etl_ods.tg_salesorder.tg_preprocess_salesorder.truncate_target_salesorder manual__2025-06-06T10:09:16.601242+00:00 [queued]>
[2025-06-06T10:09:37.021+0000] {taskinstance.py:2076} INFO - Dependencies all met for dep_context=requeueable deps ti=<TaskInstance: etl_ods.tg_salesorder.tg_preprocess_salesorder.truncate_target_salesorder manual__2025-06-06T10:09:16.601242+00:00 [queued]>
[2025-06-06T10:09:37.022+0000] {taskinstance.py:2306} INFO - Starting attempt 1 of 1
[2025-06-06T10:09:37.053+0000] {taskinstance.py:2330} INFO - Executing <Task(SQLExecuteQueryOperator): tg_salesorder.tg_preprocess_salesorder.truncate_target_salesorder> on 2025-06-06 10:09:16.601242+00:00
[2025-06-06T10:09:37.069+0000] {logging_mixin.py:188} WARNING - /home/airflow/.local/lib/python3.12/site-packages/airflow/task/task_runner/standard_task_runner.py:61 DeprecationWarning: This process (pid=450) is multi-threaded, use of fork() may lead to deadlocks in the child.
[2025-06-06T10:09:37.072+0000] {standard_task_runner.py:63} INFO - Started process 456 to run task
[2025-06-06T10:09:37.070+0000] {standard_task_runner.py:90} INFO - Running: ['airflow', 'tasks', 'run', 'etl_ods', 'tg_salesorder.tg_preprocess_salesorder.truncate_target_salesorder', 'manual__2025-06-06T10:09:16.601242+00:00', '--job-id', '49', '--raw', '--subdir', 'DAGS_FOLDER/etl_ods/dag.py', '--cfg-path', '/tmp/tmpu2u_9p92']
[2025-06-06T10:09:37.075+0000] {standard_task_runner.py:91} INFO - Job 49: Subtask tg_salesorder.tg_preprocess_salesorder.truncate_target_salesorder
[2025-06-06T10:09:37.203+0000] {task_command.py:426} INFO - Running <TaskInstance: etl_ods.tg_salesorder.tg_preprocess_salesorder.truncate_target_salesorder manual__2025-06-06T10:09:16.601242+00:00 [running]> on host b168fc67a480
[2025-06-06T10:09:37.415+0000] {taskinstance.py:2648} INFO - Exporting env vars: AIRFLOW_CTX_DAG_OWNER='airflow' AIRFLOW_CTX_DAG_ID='etl_ods' AIRFLOW_CTX_TASK_ID='tg_salesorder.tg_preprocess_salesorder.truncate_target_salesorder' AIRFLOW_CTX_EXECUTION_DATE='2025-06-06T10:09:16.601242+00:00' AIRFLOW_CTX_TRY_NUMBER='1' AIRFLOW_CTX_DAG_RUN_ID='manual__2025-06-06T10:09:16.601242+00:00'
[2025-06-06T10:09:37.418+0000] {taskinstance.py:430} INFO - ::endgroup::
[2025-06-06T10:09:37.420+0000] {sql.py:276} INFO - Executing: TRUNCATE TABLE ods.salesorder RESTART IDENTITY CASCADE;
            SELECT drop_special_constraints_and_indexes(
                'ods', 'salesorder', ARRAY['p','f','u']
            );
[2025-06-06T10:09:37.439+0000] {base.py:84} INFO - Using connection ID 'postgres_default' for task execution.
[2025-06-06T10:09:37.457+0000] {base.py:84} INFO - Using connection ID 'postgres_default' for task execution.
[2025-06-06T10:09:37.466+0000] {sql.py:470} INFO - Running statement: TRUNCATE TABLE ods.salesorder RESTART IDENTITY CASCADE;
            SELECT drop_special_constraints_and_indexes(
                'ods', 'salesorder', ARRAY['p','f','u']
            );, parameters: None
[2025-06-06T10:09:37.498+0000] {sql.py:479} INFO - Rows affected: 1
[2025-06-06T10:09:37.503+0000] {taskinstance.py:441} INFO - ::group::Post task execution logs
[2025-06-06T10:09:37.545+0000] {taskinstance.py:1206} INFO - Marking task as SUCCESS. dag_id=etl_ods, task_id=tg_salesorder.tg_preprocess_salesorder.truncate_target_salesorder, run_id=manual__2025-06-06T10:09:16.601242+00:00, execution_date=20250606T100916, start_date=20250606T100937, end_date=20250606T100937
[2025-06-06T10:09:37.610+0000] {local_task_job_runner.py:240} INFO - Task exited with return code 0
[2025-06-06T10:09:37.627+0000] {local_task_job_runner.py:222} INFO - ::endgroup::
