[2025-06-06T10:08:54.572+0000] {local_task_job_runner.py:120} INFO - ::group::Pre task execution logs
[2025-06-06T10:08:56.490+0000] {taskinstance.py:2076} INFO - Dependencies all met for dep_context=non-requeueable deps ti=<TaskInstance: etl_landing.tg_customer.tg_process_customer.process_customer scheduled__2025-06-05T00:00:00+00:00 map_index=0 [queued]>
[2025-06-06T10:08:56.586+0000] {taskinstance.py:2076} INFO - Dependencies all met for dep_context=requeueable deps ti=<TaskInstance: etl_landing.tg_customer.tg_process_customer.process_customer scheduled__2025-06-05T00:00:00+00:00 map_index=0 [queued]>
[2025-06-06T10:08:56.598+0000] {taskinstance.py:2306} INFO - Starting attempt 1 of 1
[2025-06-06T10:08:56.716+0000] {taskinstance.py:2330} INFO - Executing <Mapped(_PythonDecoratedOperator): tg_customer.tg_process_customer.process_customer> on 2025-06-05 00:00:00+00:00
[2025-06-06T10:08:56.784+0000] {logging_mixin.py:188} WARNING - /home/airflow/.local/lib/python3.12/site-packages/airflow/task/task_runner/standard_task_runner.py:61 DeprecationWarning: This process (pid=327) is multi-threaded, use of fork() may lead to deadlocks in the child.
[2025-06-06T10:08:56.811+0000] {standard_task_runner.py:63} INFO - Started process 363 to run task
[2025-06-06T10:08:56.817+0000] {standard_task_runner.py:90} INFO - Running: ['airflow', 'tasks', 'run', 'etl_landing', 'tg_customer.tg_process_customer.process_customer', 'scheduled__2025-06-05T00:00:00+00:00', '--job-id', '24', '--raw', '--subdir', 'DAGS_FOLDER/etl_landing/dag.py', '--cfg-path', '/tmp/tmpjhgk5uny', '--map-index', '0']
[2025-06-06T10:08:56.840+0000] {standard_task_runner.py:91} INFO - Job 24: Subtask tg_customer.tg_process_customer.process_customer
[2025-06-06T10:08:57.299+0000] {task_command.py:426} INFO - Running <TaskInstance: etl_landing.tg_customer.tg_process_customer.process_customer scheduled__2025-06-05T00:00:00+00:00 map_index=0 [running]> on host b168fc67a480
[2025-06-06T10:08:58.796+0000] {taskinstance.py:2648} INFO - Exporting env vars: AIRFLOW_CTX_DAG_OWNER='airflow' AIRFLOW_CTX_DAG_ID='etl_landing' AIRFLOW_CTX_TASK_ID='tg_customer.tg_process_customer.process_customer' AIRFLOW_CTX_EXECUTION_DATE='2025-06-05T00:00:00+00:00' AIRFLOW_CTX_TRY_NUMBER='1' AIRFLOW_CTX_DAG_RUN_ID='scheduled__2025-06-05T00:00:00+00:00'
[2025-06-06T10:08:58.811+0000] {taskinstance.py:430} INFO - ::endgroup::
[2025-06-06T10:08:59.200+0000] {base.py:84} INFO - Using connection ID 'mysql_default' for task execution.
[2025-06-06T10:08:59.634+0000] {base.py:84} INFO - Using connection ID 'postgres_default' for task execution.
[2025-06-06T10:08:59.737+0000] {utils.py:114} INFO - Inserted batch 1 of 56 rows into lz.customer
[2025-06-06T10:08:59.742+0000] {python.py:237} INFO - Done. Returned value was: Inserted SELECT DISTINCT c.*
            FROM ounass_source.customer c
                JOIN salesorder s
                ON s.customer_id = c.id
                JOIN salesorderitem si
                ON si.order_id = s.id
            WHERE (s.modified_at >= %(load_range_start_time)s
                    AND s.modified_at < %(load_range_end_time)s)
                OR (si.modified_at >= %(load_range_start_time)s
                    AND si.modified_at < %(load_range_end_time)s)
            ORDER BY c.id
            LIMIT %(customer_limit)s OFFSET %(customer_offset)s rows for parameters {'var_chunk_size': '1000', 'var_page_size': '500', 'var_batch_size': '100', 'var_text_clean_regex': '([[:cntrl:]]|Â|\xa0)+', 'load_range_start_time': datetime.datetime(2021, 7, 6, 0, 0), 'load_range_end_time': datetime.datetime(2021, 7, 7, 0, 0), 'customer_offset': 0, 'customer_limit': 56}
[2025-06-06T10:08:59.747+0000] {taskinstance.py:441} INFO - ::group::Post task execution logs
[2025-06-06T10:08:59.907+0000] {taskinstance.py:1206} INFO - Marking task as SUCCESS. dag_id=etl_landing, task_id=tg_customer.tg_process_customer.process_customer, run_id=scheduled__2025-06-05T00:00:00+00:00, map_index=0, execution_date=20250605T000000, start_date=20250606T100856, end_date=20250606T100859
[2025-06-06T10:09:00.077+0000] {local_task_job_runner.py:240} INFO - Task exited with return code 0
[2025-06-06T10:09:00.315+0000] {taskinstance.py:3498} INFO - 1 downstream tasks scheduled from follow-on schedule check
[2025-06-06T10:09:00.329+0000] {local_task_job_runner.py:222} INFO - ::endgroup::
