[2025-06-06T10:08:46.309+0000] {local_task_job_runner.py:120} INFO - ::group::Pre task execution logs
[2025-06-06T10:08:46.885+0000] {taskinstance.py:2076} INFO - Dependencies all met for dep_context=non-requeueable deps ti=<TaskInstance: etl_landing.tg_salesorder.tg_preprocess_salesorder.deindex_target_salesorder scheduled__2025-06-05T00:00:00+00:00 [queued]>
[2025-06-06T10:08:46.918+0000] {taskinstance.py:2076} INFO - Dependencies all met for dep_context=requeueable deps ti=<TaskInstance: etl_landing.tg_salesorder.tg_preprocess_salesorder.deindex_target_salesorder scheduled__2025-06-05T00:00:00+00:00 [queued]>
[2025-06-06T10:08:46.920+0000] {taskinstance.py:2306} INFO - Starting attempt 1 of 1
[2025-06-06T10:08:46.964+0000] {taskinstance.py:2330} INFO - Executing <Task(SQLExecuteQueryOperator): tg_salesorder.tg_preprocess_salesorder.deindex_target_salesorder> on 2025-06-05 00:00:00+00:00
[2025-06-06T10:08:46.992+0000] {logging_mixin.py:188} WARNING - /home/airflow/.local/lib/python3.12/site-packages/airflow/task/task_runner/standard_task_runner.py:61 DeprecationWarning: This process (pid=309) is multi-threaded, use of fork() may lead to deadlocks in the child.
[2025-06-06T10:08:46.998+0000] {standard_task_runner.py:63} INFO - Started process 324 to run task
[2025-06-06T10:08:46.997+0000] {standard_task_runner.py:90} INFO - Running: ['airflow', 'tasks', 'run', 'etl_landing', 'tg_salesorder.tg_preprocess_salesorder.deindex_target_salesorder', 'scheduled__2025-06-05T00:00:00+00:00', '--job-id', '17', '--raw', '--subdir', 'DAGS_FOLDER/etl_landing/dag.py', '--cfg-path', '/tmp/tmpzwt66nap']
[2025-06-06T10:08:47.004+0000] {standard_task_runner.py:91} INFO - Job 17: Subtask tg_salesorder.tg_preprocess_salesorder.deindex_target_salesorder
[2025-06-06T10:08:47.206+0000] {task_command.py:426} INFO - Running <TaskInstance: etl_landing.tg_salesorder.tg_preprocess_salesorder.deindex_target_salesorder scheduled__2025-06-05T00:00:00+00:00 [running]> on host b168fc67a480
[2025-06-06T10:08:47.550+0000] {taskinstance.py:2648} INFO - Exporting env vars: AIRFLOW_CTX_DAG_OWNER='airflow' AIRFLOW_CTX_DAG_ID='etl_landing' AIRFLOW_CTX_TASK_ID='tg_salesorder.tg_preprocess_salesorder.deindex_target_salesorder' AIRFLOW_CTX_EXECUTION_DATE='2025-06-05T00:00:00+00:00' AIRFLOW_CTX_TRY_NUMBER='1' AIRFLOW_CTX_DAG_RUN_ID='scheduled__2025-06-05T00:00:00+00:00'
[2025-06-06T10:08:47.557+0000] {taskinstance.py:430} INFO - ::endgroup::
[2025-06-06T10:08:47.562+0000] {sql.py:276} INFO - Executing: SELECT drop_special_constraints_and_indexes('lz', 'salesorder', ARRAY[]::text[]);
[2025-06-06T10:08:47.590+0000] {base.py:84} INFO - Using connection ID 'postgres_default' for task execution.
[2025-06-06T10:08:47.617+0000] {base.py:84} INFO - Using connection ID 'postgres_default' for task execution.
[2025-06-06T10:08:47.628+0000] {sql.py:470} INFO - Running statement: SELECT drop_special_constraints_and_indexes('lz', 'salesorder', ARRAY[]::text[]);, parameters: None
[2025-06-06T10:08:47.665+0000] {sql.py:479} INFO - Rows affected: 1
[2025-06-06T10:08:47.676+0000] {taskinstance.py:441} INFO - ::group::Post task execution logs
[2025-06-06T10:08:47.759+0000] {taskinstance.py:1206} INFO - Marking task as SUCCESS. dag_id=etl_landing, task_id=tg_salesorder.tg_preprocess_salesorder.deindex_target_salesorder, run_id=scheduled__2025-06-05T00:00:00+00:00, execution_date=20250605T000000, start_date=20250606T100846, end_date=20250606T100847
[2025-06-06T10:08:47.809+0000] {local_task_job_runner.py:240} INFO - Task exited with return code 0
[2025-06-06T10:08:47.829+0000] {local_task_job_runner.py:222} INFO - ::endgroup::
