[2025-06-06T10:08:40.757+0000] {local_task_job_runner.py:120} INFO - ::group::Pre task execution logs
[2025-06-06T10:08:41.254+0000] {taskinstance.py:2076} INFO - Dependencies all met for dep_context=non-requeueable deps ti=<TaskInstance: etl_landing.tg_salesorder.tg_preprocess_salesorder.salesorder_chunk_sanity scheduled__2025-06-05T00:00:00+00:00 [queued]>
[2025-06-06T10:08:41.290+0000] {taskinstance.py:2076} INFO - Dependencies all met for dep_context=requeueable deps ti=<TaskInstance: etl_landing.tg_salesorder.tg_preprocess_salesorder.salesorder_chunk_sanity scheduled__2025-06-05T00:00:00+00:00 [queued]>
[2025-06-06T10:08:41.293+0000] {taskinstance.py:2306} INFO - Starting attempt 1 of 1
[2025-06-06T10:08:41.356+0000] {taskinstance.py:2330} INFO - Executing <Task(_BranchPythonDecoratedOperator): tg_salesorder.tg_preprocess_salesorder.salesorder_chunk_sanity> on 2025-06-05 00:00:00+00:00
[2025-06-06T10:08:41.379+0000] {logging_mixin.py:188} WARNING - /home/airflow/.local/lib/python3.12/site-packages/airflow/task/task_runner/standard_task_runner.py:61 DeprecationWarning: This process (pid=285) is multi-threaded, use of fork() may lead to deadlocks in the child.
[2025-06-06T10:08:41.384+0000] {standard_task_runner.py:63} INFO - Started process 304 to run task
[2025-06-06T10:08:41.382+0000] {standard_task_runner.py:90} INFO - Running: ['airflow', 'tasks', 'run', 'etl_landing', 'tg_salesorder.tg_preprocess_salesorder.salesorder_chunk_sanity', 'scheduled__2025-06-05T00:00:00+00:00', '--job-id', '11', '--raw', '--subdir', 'DAGS_FOLDER/etl_landing/dag.py', '--cfg-path', '/tmp/tmpsivmzs15']
[2025-06-06T10:08:41.391+0000] {standard_task_runner.py:91} INFO - Job 11: Subtask tg_salesorder.tg_preprocess_salesorder.salesorder_chunk_sanity
[2025-06-06T10:08:41.545+0000] {task_command.py:426} INFO - Running <TaskInstance: etl_landing.tg_salesorder.tg_preprocess_salesorder.salesorder_chunk_sanity scheduled__2025-06-05T00:00:00+00:00 [running]> on host b168fc67a480
[2025-06-06T10:08:41.881+0000] {taskinstance.py:2648} INFO - Exporting env vars: AIRFLOW_CTX_DAG_OWNER='airflow' AIRFLOW_CTX_DAG_ID='etl_landing' AIRFLOW_CTX_TASK_ID='tg_salesorder.tg_preprocess_salesorder.salesorder_chunk_sanity' AIRFLOW_CTX_EXECUTION_DATE='2025-06-05T00:00:00+00:00' AIRFLOW_CTX_TRY_NUMBER='1' AIRFLOW_CTX_DAG_RUN_ID='scheduled__2025-06-05T00:00:00+00:00'
[2025-06-06T10:08:41.886+0000] {taskinstance.py:430} INFO - ::endgroup::
[2025-06-06T10:08:41.891+0000] {python.py:237} INFO - Done. Returned value was: ['tg_salesorder.tg_preprocess_salesorder.prepare_salesorder_parameters', 'tg_salesorder.tg_preprocess_salesorder.deindex_target_salesorder']
[2025-06-06T10:08:41.893+0000] {branch.py:36} INFO - Branch into ['tg_salesorder.tg_preprocess_salesorder.prepare_salesorder_parameters', 'tg_salesorder.tg_preprocess_salesorder.deindex_target_salesorder']
[2025-06-06T10:08:41.896+0000] {skipmixin.py:178} INFO - Following branch ['tg_salesorder.tg_preprocess_salesorder.prepare_salesorder_parameters', 'tg_salesorder.tg_preprocess_salesorder.deindex_target_salesorder']
[2025-06-06T10:08:42.022+0000] {skipmixin.py:246} INFO - Skipping tasks []
[2025-06-06T10:08:42.092+0000] {taskinstance.py:441} INFO - ::group::Post task execution logs
[2025-06-06T10:08:42.200+0000] {taskinstance.py:1206} INFO - Marking task as SUCCESS. dag_id=etl_landing, task_id=tg_salesorder.tg_preprocess_salesorder.salesorder_chunk_sanity, run_id=scheduled__2025-06-05T00:00:00+00:00, execution_date=20250605T000000, start_date=20250606T100841, end_date=20250606T100842
[2025-06-06T10:08:42.255+0000] {local_task_job_runner.py:240} INFO - Task exited with return code 0
[2025-06-06T10:08:42.279+0000] {local_task_job_runner.py:222} INFO - ::endgroup::
