[2025-06-06T10:08:40.824+0000] {local_task_job_runner.py:120} INFO - ::group::Pre task execution logs
[2025-06-06T10:08:41.345+0000] {taskinstance.py:2076} INFO - Dependencies all met for dep_context=non-requeueable deps ti=<TaskInstance: etl_landing.tg_salesorderitem.tg_preprocess_salesorderitem.salesorderitem_chunk_sanity scheduled__2025-06-05T00:00:00+00:00 [queued]>
[2025-06-06T10:08:41.385+0000] {taskinstance.py:2076} INFO - Dependencies all met for dep_context=requeueable deps ti=<TaskInstance: etl_landing.tg_salesorderitem.tg_preprocess_salesorderitem.salesorderitem_chunk_sanity scheduled__2025-06-05T00:00:00+00:00 [queued]>
[2025-06-06T10:08:41.390+0000] {taskinstance.py:2306} INFO - Starting attempt 1 of 1
[2025-06-06T10:08:41.425+0000] {taskinstance.py:2330} INFO - Executing <Task(_BranchPythonDecoratedOperator): tg_salesorderitem.tg_preprocess_salesorderitem.salesorderitem_chunk_sanity> on 2025-06-05 00:00:00+00:00
[2025-06-06T10:08:41.453+0000] {logging_mixin.py:188} WARNING - /home/airflow/.local/lib/python3.12/site-packages/airflow/task/task_runner/standard_task_runner.py:61 DeprecationWarning: This process (pid=286) is multi-threaded, use of fork() may lead to deadlocks in the child.
[2025-06-06T10:08:41.457+0000] {standard_task_runner.py:63} INFO - Started process 305 to run task
[2025-06-06T10:08:41.452+0000] {standard_task_runner.py:90} INFO - Running: ['airflow', 'tasks', 'run', 'etl_landing', 'tg_salesorderitem.tg_preprocess_salesorderitem.salesorderitem_chunk_sanity', 'scheduled__2025-06-05T00:00:00+00:00', '--job-id', '12', '--raw', '--subdir', 'DAGS_FOLDER/etl_landing/dag.py', '--cfg-path', '/tmp/tmpg22s5uwn']
[2025-06-06T10:08:41.460+0000] {standard_task_runner.py:91} INFO - Job 12: Subtask tg_salesorderitem.tg_preprocess_salesorderitem.salesorderitem_chunk_sanity
[2025-06-06T10:08:41.603+0000] {task_command.py:426} INFO - Running <TaskInstance: etl_landing.tg_salesorderitem.tg_preprocess_salesorderitem.salesorderitem_chunk_sanity scheduled__2025-06-05T00:00:00+00:00 [running]> on host b168fc67a480
[2025-06-06T10:08:41.952+0000] {taskinstance.py:2648} INFO - Exporting env vars: AIRFLOW_CTX_DAG_OWNER='airflow' AIRFLOW_CTX_DAG_ID='etl_landing' AIRFLOW_CTX_TASK_ID='tg_salesorderitem.tg_preprocess_salesorderitem.salesorderitem_chunk_sanity' AIRFLOW_CTX_EXECUTION_DATE='2025-06-05T00:00:00+00:00' AIRFLOW_CTX_TRY_NUMBER='1' AIRFLOW_CTX_DAG_RUN_ID='scheduled__2025-06-05T00:00:00+00:00'
[2025-06-06T10:08:41.957+0000] {taskinstance.py:430} INFO - ::endgroup::
[2025-06-06T10:08:41.966+0000] {python.py:237} INFO - Done. Returned value was: ['tg_salesorderitem.tg_preprocess_salesorderitem.prepare_salesorderitem_parameters', 'tg_salesorderitem.tg_preprocess_salesorderitem.deindex_target_salesorderitem']
[2025-06-06T10:08:41.971+0000] {branch.py:36} INFO - Branch into ['tg_salesorderitem.tg_preprocess_salesorderitem.prepare_salesorderitem_parameters', 'tg_salesorderitem.tg_preprocess_salesorderitem.deindex_target_salesorderitem']
[2025-06-06T10:08:41.974+0000] {skipmixin.py:178} INFO - Following branch ['tg_salesorderitem.tg_preprocess_salesorderitem.prepare_salesorderitem_parameters', 'tg_salesorderitem.tg_preprocess_salesorderitem.deindex_target_salesorderitem']
[2025-06-06T10:08:42.168+0000] {skipmixin.py:246} INFO - Skipping tasks []
[2025-06-06T10:08:42.224+0000] {taskinstance.py:441} INFO - ::group::Post task execution logs
[2025-06-06T10:08:42.279+0000] {taskinstance.py:1206} INFO - Marking task as SUCCESS. dag_id=etl_landing, task_id=tg_salesorderitem.tg_preprocess_salesorderitem.salesorderitem_chunk_sanity, run_id=scheduled__2025-06-05T00:00:00+00:00, execution_date=20250605T000000, start_date=20250606T100841, end_date=20250606T100842
[2025-06-06T10:08:42.348+0000] {local_task_job_runner.py:240} INFO - Task exited with return code 0
[2025-06-06T10:08:42.371+0000] {local_task_job_runner.py:222} INFO - ::endgroup::
