[2025-06-06T10:09:09.292+0000] {local_task_job_runner.py:120} INFO - ::group::Pre task execution logs
[2025-06-06T10:09:09.936+0000] {taskinstance.py:2076} INFO - Dependencies all met for dep_context=non-requeueable deps ti=<TaskInstance: etl_landing.tg_salesorderitem.tg_postprocess_salesorderitem.mark_last_loaded_salesorderitem scheduled__2025-06-05T00:00:00+00:00 [queued]>
[2025-06-06T10:09:10.016+0000] {taskinstance.py:2076} INFO - Dependencies all met for dep_context=requeueable deps ti=<TaskInstance: etl_landing.tg_salesorderitem.tg_postprocess_salesorderitem.mark_last_loaded_salesorderitem scheduled__2025-06-05T00:00:00+00:00 [queued]>
[2025-06-06T10:09:10.018+0000] {taskinstance.py:2306} INFO - Starting attempt 1 of 1
[2025-06-06T10:09:10.078+0000] {taskinstance.py:2330} INFO - Executing <Task(_PythonDecoratedOperator): tg_salesorderitem.tg_postprocess_salesorderitem.mark_last_loaded_salesorderitem> on 2025-06-05 00:00:00+00:00
[2025-06-06T10:09:10.098+0000] {logging_mixin.py:188} WARNING - /home/airflow/.local/lib/python3.12/site-packages/airflow/task/task_runner/standard_task_runner.py:61 DeprecationWarning: This process (pid=386) is multi-threaded, use of fork() may lead to deadlocks in the child.
[2025-06-06T10:09:10.101+0000] {standard_task_runner.py:63} INFO - Started process 406 to run task
[2025-06-06T10:09:10.098+0000] {standard_task_runner.py:90} INFO - Running: ['airflow', 'tasks', 'run', 'etl_landing', 'tg_salesorderitem.tg_postprocess_salesorderitem.mark_last_loaded_salesorderitem', 'scheduled__2025-06-05T00:00:00+00:00', '--job-id', '39', '--raw', '--subdir', 'DAGS_FOLDER/etl_landing/dag.py', '--cfg-path', '/tmp/tmpvtdz16x9']
[2025-06-06T10:09:10.104+0000] {standard_task_runner.py:91} INFO - Job 39: Subtask tg_salesorderitem.tg_postprocess_salesorderitem.mark_last_loaded_salesorderitem
[2025-06-06T10:09:10.237+0000] {task_command.py:426} INFO - Running <TaskInstance: etl_landing.tg_salesorderitem.tg_postprocess_salesorderitem.mark_last_loaded_salesorderitem scheduled__2025-06-05T00:00:00+00:00 [running]> on host b168fc67a480
[2025-06-06T10:09:10.473+0000] {taskinstance.py:2648} INFO - Exporting env vars: AIRFLOW_CTX_DAG_OWNER='airflow' AIRFLOW_CTX_DAG_ID='etl_landing' AIRFLOW_CTX_TASK_ID='tg_salesorderitem.tg_postprocess_salesorderitem.mark_last_loaded_salesorderitem' AIRFLOW_CTX_EXECUTION_DATE='2025-06-05T00:00:00+00:00' AIRFLOW_CTX_TRY_NUMBER='1' AIRFLOW_CTX_DAG_RUN_ID='scheduled__2025-06-05T00:00:00+00:00'
[2025-06-06T10:09:10.477+0000] {taskinstance.py:430} INFO - ::endgroup::
[2025-06-06T10:09:10.482+0000] {tasks.py:214} INFO - Loading SQL from file: /opt/airflow/sql/postgres_data_warehouse/insert_load_audit.sql
[2025-06-06T10:09:10.514+0000] {tasks.py:229} INFO - Split into 1 individual SQL statements
[2025-06-06T10:09:10.516+0000] {tasks.py:233} INFO - Executing:
INSERT INTO public.load_audit (table_name, last_loaded, data_quality)
VALUES
    (%s, NOW(), %s)
ON CONFLICT (table_name) DO UPDATE
SET 
    last_loaded = EXCLUDED.last_loaded,
    data_quality = EXCLUDED.data_quality
WHERE (
    public.load_audit.last_loaded,
    public.load_audit.data_quality) 
IS DISTINCT FROM (
    EXCLUDED.last_loaded,
    EXCLUDED.data_quality);
 with parameters: ('lz.salesorderitem', None)
[2025-06-06T10:09:10.538+0000] {base.py:84} INFO - Using connection ID 'postgres_default' for task execution.
[2025-06-06T10:09:10.547+0000] {sql.py:470} INFO - Running statement: INSERT INTO public.load_audit (table_name, last_loaded, data_quality)
VALUES
    (%s, NOW(), %s)
ON CONFLICT (table_name) DO UPDATE
SET 
    last_loaded = EXCLUDED.last_loaded,
    data_quality = EXCLUDED.data_quality
WHERE (
    public.load_audit.last_loaded,
    public.load_audit.data_quality) 
IS DISTINCT FROM (
    EXCLUDED.last_loaded,
    EXCLUDED.data_quality);, parameters: ('lz.salesorderitem', None)
[2025-06-06T10:09:10.551+0000] {sql.py:479} INFO - Rows affected: 1
[2025-06-06T10:09:10.555+0000] {python.py:237} INFO - Done. Returned value was: [None]
[2025-06-06T10:09:10.557+0000] {taskinstance.py:441} INFO - ::group::Post task execution logs
[2025-06-06T10:09:10.612+0000] {taskinstance.py:1206} INFO - Marking task as SUCCESS. dag_id=etl_landing, task_id=tg_salesorderitem.tg_postprocess_salesorderitem.mark_last_loaded_salesorderitem, run_id=scheduled__2025-06-05T00:00:00+00:00, execution_date=20250605T000000, start_date=20250606T100909, end_date=20250606T100910
[2025-06-06T10:09:10.680+0000] {local_task_job_runner.py:240} INFO - Task exited with return code 0
[2025-06-06T10:09:10.699+0000] {local_task_job_runner.py:222} INFO - ::endgroup::
