[2025-06-06T10:09:02.858+0000] {local_task_job_runner.py:120} INFO - ::group::Pre task execution logs
[2025-06-06T10:09:03.278+0000] {taskinstance.py:2076} INFO - Dependencies all met for dep_context=non-requeueable deps ti=<TaskInstance: etl_landing.tg_customer.tg_postprocess_customer.index_target_customer scheduled__2025-06-05T00:00:00+00:00 [queued]>
[2025-06-06T10:09:03.310+0000] {taskinstance.py:2076} INFO - Dependencies all met for dep_context=requeueable deps ti=<TaskInstance: etl_landing.tg_customer.tg_postprocess_customer.index_target_customer scheduled__2025-06-05T00:00:00+00:00 [queued]>
[2025-06-06T10:09:03.312+0000] {taskinstance.py:2306} INFO - Starting attempt 1 of 1
[2025-06-06T10:09:03.350+0000] {taskinstance.py:2330} INFO - Executing <Task(SQLExecuteQueryOperator): tg_customer.tg_postprocess_customer.index_target_customer> on 2025-06-05 00:00:00+00:00
[2025-06-06T10:09:03.376+0000] {logging_mixin.py:188} WARNING - /home/airflow/.local/lib/python3.12/site-packages/airflow/task/task_runner/standard_task_runner.py:61 DeprecationWarning: This process (pid=371) is multi-threaded, use of fork() may lead to deadlocks in the child.
[2025-06-06T10:09:03.380+0000] {standard_task_runner.py:63} INFO - Started process 377 to run task
[2025-06-06T10:09:03.374+0000] {standard_task_runner.py:90} INFO - Running: ['airflow', 'tasks', 'run', 'etl_landing', 'tg_customer.tg_postprocess_customer.index_target_customer', 'scheduled__2025-06-05T00:00:00+00:00', '--job-id', '34', '--raw', '--subdir', 'DAGS_FOLDER/etl_landing/dag.py', '--cfg-path', '/tmp/tmp0ncpoflz']
[2025-06-06T10:09:03.383+0000] {standard_task_runner.py:91} INFO - Job 34: Subtask tg_customer.tg_postprocess_customer.index_target_customer
[2025-06-06T10:09:03.532+0000] {task_command.py:426} INFO - Running <TaskInstance: etl_landing.tg_customer.tg_postprocess_customer.index_target_customer scheduled__2025-06-05T00:00:00+00:00 [running]> on host b168fc67a480
[2025-06-06T10:09:03.835+0000] {taskinstance.py:2648} INFO - Exporting env vars: AIRFLOW_CTX_DAG_OWNER='airflow' AIRFLOW_CTX_DAG_ID='etl_landing' AIRFLOW_CTX_TASK_ID='tg_customer.tg_postprocess_customer.index_target_customer' AIRFLOW_CTX_EXECUTION_DATE='2025-06-05T00:00:00+00:00' AIRFLOW_CTX_TRY_NUMBER='1' AIRFLOW_CTX_DAG_RUN_ID='scheduled__2025-06-05T00:00:00+00:00'
[2025-06-06T10:09:03.843+0000] {taskinstance.py:430} INFO - ::endgroup::
[2025-06-06T10:09:03.845+0000] {sql.py:276} INFO - Executing: CREATE INDEX IF NOT EXISTS idx_customer_id_first_name_last_name
                ON lz.customer (id, 
                        TRIM(REGEXP_REPLACE(first_name, '([[:cntrl:]]|Â| )+', '', 'g')), 
                        TRIM(REGEXP_REPLACE(last_name, '([[:cntrl:]]|Â| )+', '', 'g'))
                    );
[2025-06-06T10:09:03.872+0000] {base.py:84} INFO - Using connection ID 'postgres_default' for task execution.
[2025-06-06T10:09:03.919+0000] {base.py:84} INFO - Using connection ID 'postgres_default' for task execution.
[2025-06-06T10:09:03.930+0000] {sql.py:470} INFO - Running statement: CREATE INDEX IF NOT EXISTS idx_customer_id_first_name_last_name
                ON lz.customer (id, 
                        TRIM(REGEXP_REPLACE(first_name, '([[:cntrl:]]|Â| )+', '', 'g')), 
                        TRIM(REGEXP_REPLACE(last_name, '([[:cntrl:]]|Â| )+', '', 'g'))
                    );, parameters: None
[2025-06-06T10:09:04.063+0000] {taskinstance.py:441} INFO - ::group::Post task execution logs
[2025-06-06T10:09:04.101+0000] {taskinstance.py:1206} INFO - Marking task as SUCCESS. dag_id=etl_landing, task_id=tg_customer.tg_postprocess_customer.index_target_customer, run_id=scheduled__2025-06-05T00:00:00+00:00, execution_date=20250605T000000, start_date=20250606T100903, end_date=20250606T100904
[2025-06-06T10:09:04.167+0000] {local_task_job_runner.py:240} INFO - Task exited with return code 0
[2025-06-06T10:09:04.298+0000] {taskinstance.py:3498} INFO - 1 downstream tasks scheduled from follow-on schedule check
[2025-06-06T10:09:04.304+0000] {local_task_job_runner.py:222} INFO - ::endgroup::
