[2025-06-06T10:09:36.714+0000] {local_task_job_runner.py:120} INFO - ::group::Pre task execution logs
[2025-06-06T10:09:37.005+0000] {taskinstance.py:2076} INFO - Dependencies all met for dep_context=non-requeueable deps ti=<TaskInstance: etl_ods.tg_product.tg_preprocess_product.truncate_target_product manual__2025-06-06T10:09:16.601242+00:00 [queued]>
[2025-06-06T10:09:37.019+0000] {taskinstance.py:2076} INFO - Dependencies all met for dep_context=requeueable deps ti=<TaskInstance: etl_ods.tg_product.tg_preprocess_product.truncate_target_product manual__2025-06-06T10:09:16.601242+00:00 [queued]>
[2025-06-06T10:09:37.020+0000] {taskinstance.py:2306} INFO - Starting attempt 1 of 1
[2025-06-06T10:09:37.042+0000] {taskinstance.py:2330} INFO - Executing <Task(SQLExecuteQueryOperator): tg_product.tg_preprocess_product.truncate_target_product> on 2025-06-06 10:09:16.601242+00:00
[2025-06-06T10:09:37.057+0000] {logging_mixin.py:188} WARNING - /home/airflow/.local/lib/python3.12/site-packages/airflow/task/task_runner/standard_task_runner.py:61 DeprecationWarning: This process (pid=449) is multi-threaded, use of fork() may lead to deadlocks in the child.
[2025-06-06T10:09:37.059+0000] {standard_task_runner.py:63} INFO - Started process 455 to run task
[2025-06-06T10:09:37.057+0000] {standard_task_runner.py:90} INFO - Running: ['airflow', 'tasks', 'run', 'etl_ods', 'tg_product.tg_preprocess_product.truncate_target_product', 'manual__2025-06-06T10:09:16.601242+00:00', '--job-id', '48', '--raw', '--subdir', 'DAGS_FOLDER/etl_ods/dag.py', '--cfg-path', '/tmp/tmpkcjb70gn']
[2025-06-06T10:09:37.062+0000] {standard_task_runner.py:91} INFO - Job 48: Subtask tg_product.tg_preprocess_product.truncate_target_product
[2025-06-06T10:09:37.180+0000] {task_command.py:426} INFO - Running <TaskInstance: etl_ods.tg_product.tg_preprocess_product.truncate_target_product manual__2025-06-06T10:09:16.601242+00:00 [running]> on host b168fc67a480
[2025-06-06T10:09:37.398+0000] {taskinstance.py:2648} INFO - Exporting env vars: AIRFLOW_CTX_DAG_OWNER='airflow' AIRFLOW_CTX_DAG_ID='etl_ods' AIRFLOW_CTX_TASK_ID='tg_product.tg_preprocess_product.truncate_target_product' AIRFLOW_CTX_EXECUTION_DATE='2025-06-06T10:09:16.601242+00:00' AIRFLOW_CTX_TRY_NUMBER='1' AIRFLOW_CTX_DAG_RUN_ID='manual__2025-06-06T10:09:16.601242+00:00'
[2025-06-06T10:09:37.402+0000] {taskinstance.py:430} INFO - ::endgroup::
[2025-06-06T10:09:37.403+0000] {sql.py:276} INFO - Executing: TRUNCATE TABLE ods.product RESTART IDENTITY CASCADE;
            SELECT drop_special_constraints_and_indexes(
                'ods', 'product', ARRAY['p','f','u']
            );
[2025-06-06T10:09:37.421+0000] {base.py:84} INFO - Using connection ID 'postgres_default' for task execution.
[2025-06-06T10:09:37.437+0000] {base.py:84} INFO - Using connection ID 'postgres_default' for task execution.
[2025-06-06T10:09:37.447+0000] {sql.py:470} INFO - Running statement: TRUNCATE TABLE ods.product RESTART IDENTITY CASCADE;
            SELECT drop_special_constraints_and_indexes(
                'ods', 'product', ARRAY['p','f','u']
            );, parameters: None
[2025-06-06T10:09:37.470+0000] {sql.py:479} INFO - Rows affected: 1
[2025-06-06T10:09:37.475+0000] {taskinstance.py:441} INFO - ::group::Post task execution logs
[2025-06-06T10:09:37.521+0000] {taskinstance.py:1206} INFO - Marking task as SUCCESS. dag_id=etl_ods, task_id=tg_product.tg_preprocess_product.truncate_target_product, run_id=manual__2025-06-06T10:09:16.601242+00:00, execution_date=20250606T100916, start_date=20250606T100937, end_date=20250606T100937
[2025-06-06T10:09:37.557+0000] {local_task_job_runner.py:240} INFO - Task exited with return code 0
[2025-06-06T10:09:37.759+0000] {taskinstance.py:3498} INFO - 1 downstream tasks scheduled from follow-on schedule check
[2025-06-06T10:09:37.764+0000] {local_task_job_runner.py:222} INFO - ::endgroup::
