[2025-06-06T10:08:35.021+0000] {local_task_job_runner.py:120} INFO - ::group::Pre task execution logs
[2025-06-06T10:08:35.594+0000] {taskinstance.py:2076} INFO - Dependencies all met for dep_context=non-requeueable deps ti=<TaskInstance: etl_landing.tg_salesorderitem.tg_preprocess_salesorderitem.truncate_target_salesorderitem scheduled__2025-06-05T00:00:00+00:00 [queued]>
[2025-06-06T10:08:35.641+0000] {taskinstance.py:2076} INFO - Dependencies all met for dep_context=requeueable deps ti=<TaskInstance: etl_landing.tg_salesorderitem.tg_preprocess_salesorderitem.truncate_target_salesorderitem scheduled__2025-06-05T00:00:00+00:00 [queued]>
[2025-06-06T10:08:35.646+0000] {taskinstance.py:2306} INFO - Starting attempt 1 of 1
[2025-06-06T10:08:35.721+0000] {taskinstance.py:2330} INFO - Executing <Task(SQLExecuteQueryOperator): tg_salesorderitem.tg_preprocess_salesorderitem.truncate_target_salesorderitem> on 2025-06-05 00:00:00+00:00
[2025-06-06T10:08:35.773+0000] {logging_mixin.py:188} WARNING - /home/airflow/.local/lib/python3.12/site-packages/airflow/task/task_runner/standard_task_runner.py:61 DeprecationWarning: This process (pid=250) is multi-threaded, use of fork() may lead to deadlocks in the child.
[2025-06-06T10:08:35.778+0000] {standard_task_runner.py:63} INFO - Started process 267 to run task
[2025-06-06T10:08:35.788+0000] {standard_task_runner.py:90} INFO - Running: ['airflow', 'tasks', 'run', 'etl_landing', 'tg_salesorderitem.tg_preprocess_salesorderitem.truncate_target_salesorderitem', 'scheduled__2025-06-05T00:00:00+00:00', '--job-id', '6', '--raw', '--subdir', 'DAGS_FOLDER/etl_landing/dag.py', '--cfg-path', '/tmp/tmpvk0s6o89']
[2025-06-06T10:08:35.818+0000] {standard_task_runner.py:91} INFO - Job 6: Subtask tg_salesorderitem.tg_preprocess_salesorderitem.truncate_target_salesorderitem
[2025-06-06T10:08:36.081+0000] {task_command.py:426} INFO - Running <TaskInstance: etl_landing.tg_salesorderitem.tg_preprocess_salesorderitem.truncate_target_salesorderitem scheduled__2025-06-05T00:00:00+00:00 [running]> on host b168fc67a480
[2025-06-06T10:08:36.491+0000] {taskinstance.py:2648} INFO - Exporting env vars: AIRFLOW_CTX_DAG_OWNER='airflow' AIRFLOW_CTX_DAG_ID='etl_landing' AIRFLOW_CTX_TASK_ID='tg_salesorderitem.tg_preprocess_salesorderitem.truncate_target_salesorderitem' AIRFLOW_CTX_EXECUTION_DATE='2025-06-05T00:00:00+00:00' AIRFLOW_CTX_TRY_NUMBER='1' AIRFLOW_CTX_DAG_RUN_ID='scheduled__2025-06-05T00:00:00+00:00'
[2025-06-06T10:08:36.500+0000] {taskinstance.py:430} INFO - ::endgroup::
[2025-06-06T10:08:36.503+0000] {sql.py:276} INFO - Executing: TRUNCATE TABLE lz.salesorderitem RESTART IDENTITY CASCADE;
[2025-06-06T10:08:36.536+0000] {base.py:84} INFO - Using connection ID 'postgres_default' for task execution.
[2025-06-06T10:08:36.566+0000] {base.py:84} INFO - Using connection ID 'postgres_default' for task execution.
[2025-06-06T10:08:36.584+0000] {sql.py:470} INFO - Running statement: TRUNCATE TABLE lz.salesorderitem RESTART IDENTITY CASCADE;, parameters: None
[2025-06-06T10:08:37.325+0000] {taskinstance.py:441} INFO - ::group::Post task execution logs
[2025-06-06T10:08:37.383+0000] {taskinstance.py:1206} INFO - Marking task as SUCCESS. dag_id=etl_landing, task_id=tg_salesorderitem.tg_preprocess_salesorderitem.truncate_target_salesorderitem, run_id=scheduled__2025-06-05T00:00:00+00:00, execution_date=20250605T000000, start_date=20250606T100835, end_date=20250606T100837
[2025-06-06T10:08:37.465+0000] {local_task_job_runner.py:240} INFO - Task exited with return code 0
[2025-06-06T10:08:37.513+0000] {local_task_job_runner.py:222} INFO - ::endgroup::
