[2025-06-06T10:10:13.927+0000] {local_task_job_runner.py:120} INFO - ::group::Pre task execution logs
[2025-06-06T10:10:13.996+0000] {taskinstance.py:2076} INFO - Dependencies all met for dep_context=non-requeueable deps ti=<TaskInstance: etl_dm.tg_sales_order_item_flat.tg_preprocess_sales_order_item_flat.truncate_target_sales_order_item_flat manual__2025-06-06T10:10:09.043719+00:00 [queued]>
[2025-06-06T10:10:14.018+0000] {taskinstance.py:2076} INFO - Dependencies all met for dep_context=requeueable deps ti=<TaskInstance: etl_dm.tg_sales_order_item_flat.tg_preprocess_sales_order_item_flat.truncate_target_sales_order_item_flat manual__2025-06-06T10:10:09.043719+00:00 [queued]>
[2025-06-06T10:10:14.019+0000] {taskinstance.py:2306} INFO - Starting attempt 1 of 1
[2025-06-06T10:10:14.295+0000] {taskinstance.py:2330} INFO - Executing <Task(SQLExecuteQueryOperator): tg_sales_order_item_flat.tg_preprocess_sales_order_item_flat.truncate_target_sales_order_item_flat> on 2025-06-06 10:10:09.043719+00:00
[2025-06-06T10:10:14.313+0000] {logging_mixin.py:188} WARNING - /home/airflow/.local/lib/python3.12/site-packages/airflow/task/task_runner/standard_task_runner.py:61 DeprecationWarning: This process (pid=554) is multi-threaded, use of fork() may lead to deadlocks in the child.
[2025-06-06T10:10:14.313+0000] {standard_task_runner.py:90} INFO - Running: ['airflow', 'tasks', 'run', 'etl_dm', 'tg_sales_order_item_flat.tg_preprocess_sales_order_item_flat.truncate_target_sales_order_item_flat', 'manual__2025-06-06T10:10:09.043719+00:00', '--job-id', '71', '--raw', '--subdir', 'DAGS_FOLDER/etl_datamart/dag.py', '--cfg-path', '/tmp/tmpq1_zeffy']
[2025-06-06T10:10:14.317+0000] {standard_task_runner.py:63} INFO - Started process 561 to run task
[2025-06-06T10:10:14.318+0000] {standard_task_runner.py:91} INFO - Job 71: Subtask tg_sales_order_item_flat.tg_preprocess_sales_order_item_flat.truncate_target_sales_order_item_flat
[2025-06-06T10:10:14.430+0000] {task_command.py:426} INFO - Running <TaskInstance: etl_dm.tg_sales_order_item_flat.tg_preprocess_sales_order_item_flat.truncate_target_sales_order_item_flat manual__2025-06-06T10:10:09.043719+00:00 [running]> on host b168fc67a480
[2025-06-06T10:10:14.617+0000] {taskinstance.py:2648} INFO - Exporting env vars: AIRFLOW_CTX_DAG_OWNER='airflow' AIRFLOW_CTX_DAG_ID='etl_dm' AIRFLOW_CTX_TASK_ID='tg_sales_order_item_flat.tg_preprocess_sales_order_item_flat.truncate_target_sales_order_item_flat' AIRFLOW_CTX_EXECUTION_DATE='2025-06-06T10:10:09.043719+00:00' AIRFLOW_CTX_TRY_NUMBER='1' AIRFLOW_CTX_DAG_RUN_ID='manual__2025-06-06T10:10:09.043719+00:00'
[2025-06-06T10:10:14.620+0000] {taskinstance.py:430} INFO - ::endgroup::
[2025-06-06T10:10:14.621+0000] {sql.py:276} INFO - Executing: TRUNCATE TABLE dm.sales_order_item_flat RESTART IDENTITY CASCADE;
            SELECT drop_special_constraints_and_indexes(
                'dm', 'sales_order_item_flat', ARRAY['p','f','u']
            );
            ALTER TABLE dm.sales_order_item_flat
                DROP CONSTRAINT IF EXISTS sales_order_item_flat_customer_email_check CASCADE;
[2025-06-06T10:10:14.640+0000] {base.py:84} INFO - Using connection ID 'postgres_default' for task execution.
[2025-06-06T10:10:14.666+0000] {base.py:84} INFO - Using connection ID 'postgres_default' for task execution.
[2025-06-06T10:10:14.676+0000] {sql.py:470} INFO - Running statement: TRUNCATE TABLE dm.sales_order_item_flat RESTART IDENTITY CASCADE;
            SELECT drop_special_constraints_and_indexes(
                'dm', 'sales_order_item_flat', ARRAY['p','f','u']
            );
            ALTER TABLE dm.sales_order_item_flat
                DROP CONSTRAINT IF EXISTS sales_order_item_flat_customer_email_check CASCADE;, parameters: None
[2025-06-06T10:10:15.217+0000] {taskinstance.py:441} INFO - ::group::Post task execution logs
[2025-06-06T10:10:15.234+0000] {taskinstance.py:1206} INFO - Marking task as SUCCESS. dag_id=etl_dm, task_id=tg_sales_order_item_flat.tg_preprocess_sales_order_item_flat.truncate_target_sales_order_item_flat, run_id=manual__2025-06-06T10:10:09.043719+00:00, execution_date=20250606T101009, start_date=20250606T101013, end_date=20250606T101015
[2025-06-06T10:10:15.298+0000] {local_task_job_runner.py:240} INFO - Task exited with return code 0
[2025-06-06T10:10:15.316+0000] {local_task_job_runner.py:222} INFO - ::endgroup::
