[2025-06-06T10:09:36.732+0000] {local_task_job_runner.py:120} INFO - ::group::Pre task execution logs
[2025-06-06T10:09:37.026+0000] {taskinstance.py:2076} INFO - Dependencies all met for dep_context=non-requeueable deps ti=<TaskInstance: etl_ods.tg_salesorderitem.tg_process_salesorderitem.process_salesorderitem manual__2025-06-06T10:09:16.601242+00:00 map_index=0 [queued]>
[2025-06-06T10:09:37.048+0000] {taskinstance.py:2076} INFO - Dependencies all met for dep_context=requeueable deps ti=<TaskInstance: etl_ods.tg_salesorderitem.tg_process_salesorderitem.process_salesorderitem manual__2025-06-06T10:09:16.601242+00:00 map_index=0 [queued]>
[2025-06-06T10:09:37.050+0000] {taskinstance.py:2306} INFO - Starting attempt 1 of 1
[2025-06-06T10:09:37.083+0000] {taskinstance.py:2330} INFO - Executing <Mapped(_PythonDecoratedOperator): tg_salesorderitem.tg_process_salesorderitem.process_salesorderitem> on 2025-06-06 10:09:16.601242+00:00
[2025-06-06T10:09:37.101+0000] {logging_mixin.py:188} WARNING - /home/airflow/.local/lib/python3.12/site-packages/airflow/task/task_runner/standard_task_runner.py:61 DeprecationWarning: This process (pid=451) is multi-threaded, use of fork() may lead to deadlocks in the child.
[2025-06-06T10:09:37.104+0000] {standard_task_runner.py:63} INFO - Started process 457 to run task
[2025-06-06T10:09:37.100+0000] {standard_task_runner.py:90} INFO - Running: ['airflow', 'tasks', 'run', 'etl_ods', 'tg_salesorderitem.tg_process_salesorderitem.process_salesorderitem', 'manual__2025-06-06T10:09:16.601242+00:00', '--job-id', '50', '--raw', '--subdir', 'DAGS_FOLDER/etl_ods/dag.py', '--cfg-path', '/tmp/tmpd9jjscmj', '--map-index', '0']
[2025-06-06T10:09:37.107+0000] {standard_task_runner.py:91} INFO - Job 50: Subtask tg_salesorderitem.tg_process_salesorderitem.process_salesorderitem
[2025-06-06T10:09:37.237+0000] {task_command.py:426} INFO - Running <TaskInstance: etl_ods.tg_salesorderitem.tg_process_salesorderitem.process_salesorderitem manual__2025-06-06T10:09:16.601242+00:00 map_index=0 [running]> on host b168fc67a480
[2025-06-06T10:09:37.464+0000] {taskinstance.py:2648} INFO - Exporting env vars: AIRFLOW_CTX_DAG_OWNER='airflow' AIRFLOW_CTX_DAG_ID='etl_ods' AIRFLOW_CTX_TASK_ID='tg_salesorderitem.tg_process_salesorderitem.process_salesorderitem' AIRFLOW_CTX_EXECUTION_DATE='2025-06-06T10:09:16.601242+00:00' AIRFLOW_CTX_TRY_NUMBER='1' AIRFLOW_CTX_DAG_RUN_ID='manual__2025-06-06T10:09:16.601242+00:00'
[2025-06-06T10:09:37.467+0000] {taskinstance.py:430} INFO - ::endgroup::
[2025-06-06T10:09:37.474+0000] {tasks.py:214} INFO - Loading SQL from file: /opt/airflow/sql/postgres_data_warehouse/ods/salesorderitem/ods_process_salesorderitem.sql
[2025-06-06T10:09:37.510+0000] {tasks.py:221} INFO - processed query: DO $$
DECLARE
  clean_pattern TEXT := '([[:cntrl:]]|Â| )+';  -- ([[:cntrl:]]|Â| )+ regex pattern to remove unwanted characters
BEGIN

  WITH deduped_items AS NOT MATERIALIZED (
    SELECT DISTINCT ON (item_id)
      item_id,
      order_id,
      product_id,
      qty_ordered,
      price::NUMERIC(10,2)    AS price,
      line_total::NUMERIC(12,2) AS line_total,
      created_at,
      modified_at
    FROM lz.salesorderitem
    WHERE item_id IS NOT NULL
      AND order_id IS NOT NULL
      AND product_id IS NOT NULL
      AND qty_ordered IS NOT NULL       AND qty_ordered  >= 0
      AND price IS NOT NULL             AND price        >= 0
      AND line_total IS NOT NULL        AND line_total   >= 0
      AND created_at IS NOT NULL
      AND modified_at IS NOT NULL       AND modified_at >= created_at
    ORDER BY item_id, modified_at DESC
  )
  INSERT INTO ods.salesorderitem (
    item_id, order_id, product_id, qty_ordered,
    price, line_total, created_at, modified_at
  )
  SELECT
    item_id, order_id, product_id, qty_ordered,
    price, line_total, created_at, modified_at
  FROM deduped_items;

END $$;, parameters: {'var_text_clean_regex': '([[:cntrl:]]|Â|\xa0)+', 'source_schema': 'lz', 'source_table': 'salesorderitem', 'target_schema': 'ods', 'target_table': 'salesorderitem'}
[2025-06-06T10:09:37.526+0000] {tasks.py:229} INFO - Split into 1 individual SQL statements
[2025-06-06T10:09:37.528+0000] {tasks.py:233} INFO - Executing:
DO $$
DECLARE
  clean_pattern TEXT := '([[:cntrl:]]|Â| )+';  -- ([[:cntrl:]]|Â| )+ regex pattern to remove unwanted characters
BEGIN

  WITH deduped_items AS NOT MATERIALIZED (
    SELECT DISTINCT ON (item_id)
      item_id,
      order_id,
      product_id,
      qty_ordered,
      price::NUMERIC(10,2)    AS price,
      line_total::NUMERIC(12,2) AS line_total,
      created_at,
      modified_at
    FROM lz.salesorderitem
    WHERE item_id IS NOT NULL
      AND order_id IS NOT NULL
      AND product_id IS NOT NULL
      AND qty_ordered IS NOT NULL       AND qty_ordered  >= 0
      AND price IS NOT NULL             AND price        >= 0
      AND line_total IS NOT NULL        AND line_total   >= 0
      AND created_at IS NOT NULL
      AND modified_at IS NOT NULL       AND modified_at >= created_at
    ORDER BY item_id, modified_at DESC
  )
  INSERT INTO ods.salesorderitem (
    item_id, order_id, product_id, qty_ordered,
    price, line_total, created_at, modified_at
  )
  SELECT
    item_id, order_id, product_id, qty_ordered,
    price, line_total, created_at, modified_at
  FROM deduped_items;

END $$;
 with parameters: {'var_text_clean_regex': '([[:cntrl:]]|Â|\xa0)+', 'source_schema': 'lz', 'source_table': 'salesorderitem', 'target_schema': 'ods', 'target_table': 'salesorderitem'}
[2025-06-06T10:09:37.545+0000] {base.py:84} INFO - Using connection ID 'postgres_default' for task execution.
[2025-06-06T10:09:37.555+0000] {sql.py:470} INFO - Running statement: DO $$
DECLARE
  clean_pattern TEXT := '([[:cntrl:]]|Â| )+';  -- ([[:cntrl:]]|Â| )+ regex pattern to remove unwanted characters
BEGIN

  WITH deduped_items AS NOT MATERIALIZED (
    SELECT DISTINCT ON (item_id)
      item_id,
      order_id,
      product_id,
      qty_ordered,
      price::NUMERIC(10,2)    AS price,
      line_total::NUMERIC(12,2) AS line_total,
      created_at,
      modified_at
    FROM lz.salesorderitem
    WHERE item_id IS NOT NULL
      AND order_id IS NOT NULL
      AND product_id IS NOT NULL
      AND qty_ordered IS NOT NULL       AND qty_ordered  >= 0
      AND price IS NOT NULL             AND price        >= 0
      AND line_total IS NOT NULL        AND line_total   >= 0
      AND created_at IS NOT NULL
      AND modified_at IS NOT NULL       AND modified_at >= created_at
    ORDER BY item_id, modified_at DESC
  )
  INSERT INTO ods.salesorderitem (
    item_id, order_id, product_id, qty_ordered,
    price, line_total, created_at, modified_at
  )
  SELECT
    item_id, order_id, product_id, qty_ordered,
    price, line_total, created_at, modified_at
  FROM deduped_items;

END $$;, parameters: None
[2025-06-06T10:09:37.620+0000] {python.py:237} INFO - Done. Returned value was: [None]
[2025-06-06T10:09:37.621+0000] {taskinstance.py:441} INFO - ::group::Post task execution logs
[2025-06-06T10:09:37.659+0000] {taskinstance.py:1206} INFO - Marking task as SUCCESS. dag_id=etl_ods, task_id=tg_salesorderitem.tg_process_salesorderitem.process_salesorderitem, run_id=manual__2025-06-06T10:09:16.601242+00:00, map_index=0, execution_date=20250606T100916, start_date=20250606T100937, end_date=20250606T100937
[2025-06-06T10:09:37.723+0000] {local_task_job_runner.py:240} INFO - Task exited with return code 0
[2025-06-06T10:09:37.741+0000] {local_task_job_runner.py:222} INFO - ::endgroup::
