[2025-06-06T10:09:46.622+0000] {local_task_job_runner.py:120} INFO - ::group::Pre task execution logs
[2025-06-06T10:09:47.096+0000] {taskinstance.py:2076} INFO - Dependencies all met for dep_context=non-requeueable deps ti=<TaskInstance: etl_ods.tg_product.tg_postprocess_product.add_constraints_product manual__2025-06-06T10:09:16.601242+00:00 [queued]>
[2025-06-06T10:09:47.123+0000] {taskinstance.py:2076} INFO - Dependencies all met for dep_context=requeueable deps ti=<TaskInstance: etl_ods.tg_product.tg_postprocess_product.add_constraints_product manual__2025-06-06T10:09:16.601242+00:00 [queued]>
[2025-06-06T10:09:47.125+0000] {taskinstance.py:2306} INFO - Starting attempt 1 of 1
[2025-06-06T10:09:47.161+0000] {taskinstance.py:2330} INFO - Executing <Task(_PythonDecoratedOperator): tg_product.tg_postprocess_product.add_constraints_product> on 2025-06-06 10:09:16.601242+00:00
[2025-06-06T10:09:47.179+0000] {logging_mixin.py:188} WARNING - /home/airflow/.local/lib/python3.12/site-packages/airflow/task/task_runner/standard_task_runner.py:61 DeprecationWarning: This process (pid=489) is multi-threaded, use of fork() may lead to deadlocks in the child.
[2025-06-06T10:09:47.182+0000] {standard_task_runner.py:63} INFO - Started process 505 to run task
[2025-06-06T10:09:47.180+0000] {standard_task_runner.py:90} INFO - Running: ['airflow', 'tasks', 'run', 'etl_ods', 'tg_product.tg_postprocess_product.add_constraints_product', 'manual__2025-06-06T10:09:16.601242+00:00', '--job-id', '55', '--raw', '--subdir', 'DAGS_FOLDER/etl_ods/dag.py', '--cfg-path', '/tmp/tmpfut38lrd']
[2025-06-06T10:09:47.184+0000] {standard_task_runner.py:91} INFO - Job 55: Subtask tg_product.tg_postprocess_product.add_constraints_product
[2025-06-06T10:09:47.309+0000] {task_command.py:426} INFO - Running <TaskInstance: etl_ods.tg_product.tg_postprocess_product.add_constraints_product manual__2025-06-06T10:09:16.601242+00:00 [running]> on host b168fc67a480
[2025-06-06T10:09:47.566+0000] {taskinstance.py:2648} INFO - Exporting env vars: AIRFLOW_CTX_DAG_OWNER='airflow' AIRFLOW_CTX_DAG_ID='etl_ods' AIRFLOW_CTX_TASK_ID='tg_product.tg_postprocess_product.add_constraints_product' AIRFLOW_CTX_EXECUTION_DATE='2025-06-06T10:09:16.601242+00:00' AIRFLOW_CTX_TRY_NUMBER='1' AIRFLOW_CTX_DAG_RUN_ID='manual__2025-06-06T10:09:16.601242+00:00'
[2025-06-06T10:09:47.570+0000] {taskinstance.py:430} INFO - ::endgroup::
[2025-06-06T10:09:47.576+0000] {tasks.py:214} INFO - Loading SQL from file: /opt/airflow/sql/postgres_data_warehouse/ods/product/ods_create_product_constraints_indexes.sql
[2025-06-06T10:09:47.605+0000] {tasks.py:221} INFO - processed query: ALTER TABLE ods.product 
    ADD CONSTRAINT product_pkey PRIMARY KEY (product_id);
ALTER TABLE ods.product 
    ADD CONSTRAINT product_product_sku_key UNIQUE (product_sku);, parameters: {'target_schema': 'ods', 'target_table': 'product'}
[2025-06-06T10:09:47.624+0000] {tasks.py:229} INFO - Split into 2 individual SQL statements
[2025-06-06T10:09:47.626+0000] {tasks.py:233} INFO - Executing:
ALTER TABLE ods.product 
    ADD CONSTRAINT product_pkey PRIMARY KEY (product_id);
 with parameters: {'target_schema': 'ods', 'target_table': 'product'}
[2025-06-06T10:09:47.645+0000] {base.py:84} INFO - Using connection ID 'postgres_default' for task execution.
[2025-06-06T10:09:47.653+0000] {sql.py:470} INFO - Running statement: ALTER TABLE ods.product 
    ADD CONSTRAINT product_pkey PRIMARY KEY (product_id);, parameters: None
[2025-06-06T10:09:47.681+0000] {tasks.py:233} INFO - Executing:
ALTER TABLE ods.product 
    ADD CONSTRAINT product_product_sku_key UNIQUE (product_sku);
 with parameters: {'target_schema': 'ods', 'target_table': 'product'}
[2025-06-06T10:09:47.696+0000] {base.py:84} INFO - Using connection ID 'postgres_default' for task execution.
[2025-06-06T10:09:47.707+0000] {sql.py:470} INFO - Running statement: ALTER TABLE ods.product 
    ADD CONSTRAINT product_product_sku_key UNIQUE (product_sku);, parameters: None
[2025-06-06T10:09:47.736+0000] {python.py:237} INFO - Done. Returned value was: [None, None]
[2025-06-06T10:09:47.738+0000] {taskinstance.py:441} INFO - ::group::Post task execution logs
[2025-06-06T10:09:47.790+0000] {taskinstance.py:1206} INFO - Marking task as SUCCESS. dag_id=etl_ods, task_id=tg_product.tg_postprocess_product.add_constraints_product, run_id=manual__2025-06-06T10:09:16.601242+00:00, execution_date=20250606T100916, start_date=20250606T100947, end_date=20250606T100947
[2025-06-06T10:09:47.841+0000] {local_task_job_runner.py:240} INFO - Task exited with return code 0
[2025-06-06T10:09:47.939+0000] {taskinstance.py:3498} INFO - 1 downstream tasks scheduled from follow-on schedule check
[2025-06-06T10:09:47.943+0000] {local_task_job_runner.py:222} INFO - ::endgroup::
