[2025-06-06T10:09:07.332+0000] {local_task_job_runner.py:120} INFO - ::group::Pre task execution logs
[2025-06-06T10:09:07.765+0000] {taskinstance.py:2076} INFO - Dependencies all met for dep_context=non-requeueable deps ti=<TaskInstance: etl_landing.tg_customer.tg_postprocess_customer.mark_last_loaded_customer scheduled__2025-06-05T00:00:00+00:00 [queued]>
[2025-06-06T10:09:07.807+0000] {taskinstance.py:2076} INFO - Dependencies all met for dep_context=requeueable deps ti=<TaskInstance: etl_landing.tg_customer.tg_postprocess_customer.mark_last_loaded_customer scheduled__2025-06-05T00:00:00+00:00 [queued]>
[2025-06-06T10:09:07.809+0000] {taskinstance.py:2306} INFO - Starting attempt 1 of 1
[2025-06-06T10:09:07.849+0000] {taskinstance.py:2330} INFO - Executing <Task(_PythonDecoratedOperator): tg_customer.tg_postprocess_customer.mark_last_loaded_customer> on 2025-06-05 00:00:00+00:00
[2025-06-06T10:09:07.872+0000] {logging_mixin.py:188} WARNING - /home/airflow/.local/lib/python3.12/site-packages/airflow/task/task_runner/standard_task_runner.py:61 DeprecationWarning: This process (pid=380) is multi-threaded, use of fork() may lead to deadlocks in the child.
[2025-06-06T10:09:07.876+0000] {standard_task_runner.py:63} INFO - Started process 394 to run task
[2025-06-06T10:09:07.872+0000] {standard_task_runner.py:90} INFO - Running: ['airflow', 'tasks', 'run', 'etl_landing', 'tg_customer.tg_postprocess_customer.mark_last_loaded_customer', 'scheduled__2025-06-05T00:00:00+00:00', '--job-id', '37', '--raw', '--subdir', 'DAGS_FOLDER/etl_landing/dag.py', '--cfg-path', '/tmp/tmpldaxf3e1']
[2025-06-06T10:09:07.880+0000] {standard_task_runner.py:91} INFO - Job 37: Subtask tg_customer.tg_postprocess_customer.mark_last_loaded_customer
[2025-06-06T10:09:08.077+0000] {task_command.py:426} INFO - Running <TaskInstance: etl_landing.tg_customer.tg_postprocess_customer.mark_last_loaded_customer scheduled__2025-06-05T00:00:00+00:00 [running]> on host b168fc67a480
[2025-06-06T10:09:08.522+0000] {taskinstance.py:2648} INFO - Exporting env vars: AIRFLOW_CTX_DAG_OWNER='airflow' AIRFLOW_CTX_DAG_ID='etl_landing' AIRFLOW_CTX_TASK_ID='tg_customer.tg_postprocess_customer.mark_last_loaded_customer' AIRFLOW_CTX_EXECUTION_DATE='2025-06-05T00:00:00+00:00' AIRFLOW_CTX_TRY_NUMBER='1' AIRFLOW_CTX_DAG_RUN_ID='scheduled__2025-06-05T00:00:00+00:00'
[2025-06-06T10:09:08.527+0000] {taskinstance.py:430} INFO - ::endgroup::
[2025-06-06T10:09:08.534+0000] {tasks.py:214} INFO - Loading SQL from file: /opt/airflow/sql/postgres_data_warehouse/insert_load_audit.sql
[2025-06-06T10:09:08.621+0000] {tasks.py:229} INFO - Split into 1 individual SQL statements
[2025-06-06T10:09:08.622+0000] {tasks.py:233} INFO - Executing:
INSERT INTO public.load_audit (table_name, last_loaded, data_quality)
VALUES
    (%s, NOW(), %s)
ON CONFLICT (table_name) DO UPDATE
SET 
    last_loaded = EXCLUDED.last_loaded,
    data_quality = EXCLUDED.data_quality
WHERE (
    public.load_audit.last_loaded,
    public.load_audit.data_quality) 
IS DISTINCT FROM (
    EXCLUDED.last_loaded,
    EXCLUDED.data_quality);
 with parameters: ('lz.customer', None)
[2025-06-06T10:09:08.654+0000] {base.py:84} INFO - Using connection ID 'postgres_default' for task execution.
[2025-06-06T10:09:08.669+0000] {sql.py:470} INFO - Running statement: INSERT INTO public.load_audit (table_name, last_loaded, data_quality)
VALUES
    (%s, NOW(), %s)
ON CONFLICT (table_name) DO UPDATE
SET 
    last_loaded = EXCLUDED.last_loaded,
    data_quality = EXCLUDED.data_quality
WHERE (
    public.load_audit.last_loaded,
    public.load_audit.data_quality) 
IS DISTINCT FROM (
    EXCLUDED.last_loaded,
    EXCLUDED.data_quality);, parameters: ('lz.customer', None)
[2025-06-06T10:09:08.674+0000] {sql.py:479} INFO - Rows affected: 1
[2025-06-06T10:09:08.677+0000] {python.py:237} INFO - Done. Returned value was: [None]
[2025-06-06T10:09:08.679+0000] {taskinstance.py:441} INFO - ::group::Post task execution logs
[2025-06-06T10:09:08.750+0000] {taskinstance.py:1206} INFO - Marking task as SUCCESS. dag_id=etl_landing, task_id=tg_customer.tg_postprocess_customer.mark_last_loaded_customer, run_id=scheduled__2025-06-05T00:00:00+00:00, execution_date=20250605T000000, start_date=20250606T100907, end_date=20250606T100908
[2025-06-06T10:09:08.844+0000] {local_task_job_runner.py:240} INFO - Task exited with return code 0
[2025-06-06T10:09:08.953+0000] {taskinstance.py:3498} INFO - 0 downstream tasks scheduled from follow-on schedule check
[2025-06-06T10:09:08.958+0000] {local_task_job_runner.py:222} INFO - ::endgroup::
