[2025-06-06T10:09:40.877+0000] {local_task_job_runner.py:120} INFO - ::group::Pre task execution logs
[2025-06-06T10:09:41.633+0000] {taskinstance.py:2076} INFO - Dependencies all met for dep_context=non-requeueable deps ti=<TaskInstance: etl_ods.tg_product.tg_process_product.process_product manual__2025-06-06T10:09:16.601242+00:00 map_index=0 [queued]>
[2025-06-06T10:09:41.682+0000] {taskinstance.py:2076} INFO - Dependencies all met for dep_context=requeueable deps ti=<TaskInstance: etl_ods.tg_product.tg_process_product.process_product manual__2025-06-06T10:09:16.601242+00:00 map_index=0 [queued]>
[2025-06-06T10:09:41.684+0000] {taskinstance.py:2306} INFO - Starting attempt 1 of 1
[2025-06-06T10:09:41.726+0000] {taskinstance.py:2330} INFO - Executing <Mapped(_PythonDecoratedOperator): tg_product.tg_process_product.process_product> on 2025-06-06 10:09:16.601242+00:00
[2025-06-06T10:09:41.751+0000] {logging_mixin.py:188} WARNING - /home/airflow/.local/lib/python3.12/site-packages/airflow/task/task_runner/standard_task_runner.py:61 DeprecationWarning: This process (pid=459) is multi-threaded, use of fork() may lead to deadlocks in the child.
[2025-06-06T10:09:41.750+0000] {standard_task_runner.py:90} INFO - Running: ['airflow', 'tasks', 'run', 'etl_ods', 'tg_product.tg_process_product.process_product', 'manual__2025-06-06T10:09:16.601242+00:00', '--job-id', '53', '--raw', '--subdir', 'DAGS_FOLDER/etl_ods/dag.py', '--cfg-path', '/tmp/tmp2vyknjya', '--map-index', '0']
[2025-06-06T10:09:41.755+0000] {standard_task_runner.py:63} INFO - Started process 474 to run task
[2025-06-06T10:09:41.756+0000] {standard_task_runner.py:91} INFO - Job 53: Subtask tg_product.tg_process_product.process_product
[2025-06-06T10:09:41.917+0000] {task_command.py:426} INFO - Running <TaskInstance: etl_ods.tg_product.tg_process_product.process_product manual__2025-06-06T10:09:16.601242+00:00 map_index=0 [running]> on host b168fc67a480
[2025-06-06T10:09:42.287+0000] {taskinstance.py:2648} INFO - Exporting env vars: AIRFLOW_CTX_DAG_OWNER='airflow' AIRFLOW_CTX_DAG_ID='etl_ods' AIRFLOW_CTX_TASK_ID='tg_product.tg_process_product.process_product' AIRFLOW_CTX_EXECUTION_DATE='2025-06-06T10:09:16.601242+00:00' AIRFLOW_CTX_TRY_NUMBER='1' AIRFLOW_CTX_DAG_RUN_ID='manual__2025-06-06T10:09:16.601242+00:00'
[2025-06-06T10:09:42.296+0000] {taskinstance.py:430} INFO - ::endgroup::
[2025-06-06T10:09:42.303+0000] {tasks.py:214} INFO - Loading SQL from file: /opt/airflow/sql/postgres_data_warehouse/ods/product/ods_process_product.sql
[2025-06-06T10:09:42.365+0000] {tasks.py:221} INFO - processed query: DO $$
DECLARE
  clean_pattern TEXT := '([[:cntrl:]]|Â| )+';  -- ([[:cntrl:]]|Â| )+ regex pattern to remove unwanted characters
BEGIN

WITH latest_per_product_id AS NOT MATERIALIZED (
  SELECT DISTINCT ON (product_id)
    product_id,
    TRIM(REGEXP_REPLACE(product_sku, clean_pattern, '', 'g')) AS product_sku,
    TRIM(REGEXP_REPLACE(product_name, clean_pattern, '', 'g')) AS product_name,
    modified_at, item_id
  FROM lz.salesorderitem
  WHERE product_id IS NOT NULL
    AND product_sku IS NOT NULL
    AND product_name IS NOT NULL
    AND TRIM(REGEXP_REPLACE(product_sku, clean_pattern, '', 'g'))::VARCHAR(50) <> ''
    AND TRIM(REGEXP_REPLACE(product_name, clean_pattern, '', 'g'))::VARCHAR(255) <> ''
  ORDER BY product_id, modified_at DESC, item_id
),
latest_per_product_sku AS NOT MATERIALIZED (
  SELECT DISTINCT ON (product_sku)
    product_id,
    product_sku::VARCHAR(50),
    product_name::VARCHAR(255),
    modified_at,
    item_id
  FROM latest_per_product_id
  ORDER BY product_sku, modified_at DESC, item_id
)
INSERT INTO ods.product (
  product_id, product_sku, product_name
)
SELECT
  product_id,
  product_sku,
  product_name
FROM latest_per_product_sku;

END $$;, parameters: {'var_text_clean_regex': '([[:cntrl:]]|Â|\xa0)+', 'source_schema': 'lz', 'source_table': 'salesorderitem', 'target_schema': 'ods', 'target_table': 'product'}
[2025-06-06T10:09:42.403+0000] {tasks.py:229} INFO - Split into 1 individual SQL statements
[2025-06-06T10:09:42.405+0000] {tasks.py:233} INFO - Executing:
DO $$
DECLARE
  clean_pattern TEXT := '([[:cntrl:]]|Â| )+';  -- ([[:cntrl:]]|Â| )+ regex pattern to remove unwanted characters
BEGIN

WITH latest_per_product_id AS NOT MATERIALIZED (
  SELECT DISTINCT ON (product_id)
    product_id,
    TRIM(REGEXP_REPLACE(product_sku, clean_pattern, '', 'g')) AS product_sku,
    TRIM(REGEXP_REPLACE(product_name, clean_pattern, '', 'g')) AS product_name,
    modified_at, item_id
  FROM lz.salesorderitem
  WHERE product_id IS NOT NULL
    AND product_sku IS NOT NULL
    AND product_name IS NOT NULL
    AND TRIM(REGEXP_REPLACE(product_sku, clean_pattern, '', 'g'))::VARCHAR(50) <> ''
    AND TRIM(REGEXP_REPLACE(product_name, clean_pattern, '', 'g'))::VARCHAR(255) <> ''
  ORDER BY product_id, modified_at DESC, item_id
),
latest_per_product_sku AS NOT MATERIALIZED (
  SELECT DISTINCT ON (product_sku)
    product_id,
    product_sku::VARCHAR(50),
    product_name::VARCHAR(255),
    modified_at,
    item_id
  FROM latest_per_product_id
  ORDER BY product_sku, modified_at DESC, item_id
)
INSERT INTO ods.product (
  product_id, product_sku, product_name
)
SELECT
  product_id,
  product_sku,
  product_name
FROM latest_per_product_sku;

END $$;
 with parameters: {'var_text_clean_regex': '([[:cntrl:]]|Â|\xa0)+', 'source_schema': 'lz', 'source_table': 'salesorderitem', 'target_schema': 'ods', 'target_table': 'product'}
[2025-06-06T10:09:42.467+0000] {base.py:84} INFO - Using connection ID 'postgres_default' for task execution.
[2025-06-06T10:09:42.506+0000] {sql.py:470} INFO - Running statement: DO $$
DECLARE
  clean_pattern TEXT := '([[:cntrl:]]|Â| )+';  -- ([[:cntrl:]]|Â| )+ regex pattern to remove unwanted characters
BEGIN

WITH latest_per_product_id AS NOT MATERIALIZED (
  SELECT DISTINCT ON (product_id)
    product_id,
    TRIM(REGEXP_REPLACE(product_sku, clean_pattern, '', 'g')) AS product_sku,
    TRIM(REGEXP_REPLACE(product_name, clean_pattern, '', 'g')) AS product_name,
    modified_at, item_id
  FROM lz.salesorderitem
  WHERE product_id IS NOT NULL
    AND product_sku IS NOT NULL
    AND product_name IS NOT NULL
    AND TRIM(REGEXP_REPLACE(product_sku, clean_pattern, '', 'g'))::VARCHAR(50) <> ''
    AND TRIM(REGEXP_REPLACE(product_name, clean_pattern, '', 'g'))::VARCHAR(255) <> ''
  ORDER BY product_id, modified_at DESC, item_id
),
latest_per_product_sku AS NOT MATERIALIZED (
  SELECT DISTINCT ON (product_sku)
    product_id,
    product_sku::VARCHAR(50),
    product_name::VARCHAR(255),
    modified_at,
    item_id
  FROM latest_per_product_id
  ORDER BY product_sku, modified_at DESC, item_id
)
INSERT INTO ods.product (
  product_id, product_sku, product_name
)
SELECT
  product_id,
  product_sku,
  product_name
FROM latest_per_product_sku;

END $$;, parameters: None
[2025-06-06T10:09:42.834+0000] {python.py:237} INFO - Done. Returned value was: [None]
[2025-06-06T10:09:42.837+0000] {taskinstance.py:441} INFO - ::group::Post task execution logs
[2025-06-06T10:09:42.952+0000] {taskinstance.py:1206} INFO - Marking task as SUCCESS. dag_id=etl_ods, task_id=tg_product.tg_process_product.process_product, run_id=manual__2025-06-06T10:09:16.601242+00:00, map_index=0, execution_date=20250606T100916, start_date=20250606T100941, end_date=20250606T100942
[2025-06-06T10:09:43.080+0000] {local_task_job_runner.py:240} INFO - Task exited with return code 0
[2025-06-06T10:09:43.119+0000] {local_task_job_runner.py:222} INFO - ::endgroup::
