[2025-06-06T10:10:27.608+0000] {local_task_job_runner.py:120} INFO - ::group::Pre task execution logs
[2025-06-06T10:10:27.656+0000] {taskinstance.py:2076} INFO - Dependencies all met for dep_context=non-requeueable deps ti=<TaskInstance: etl_dm.tg_sales_order_item_flat.tg_postprocess_sales_order_item_flat.mark_last_loaded_sales_order_item_flat manual__2025-06-06T10:10:09.043719+00:00 [queued]>
[2025-06-06T10:10:27.670+0000] {taskinstance.py:2076} INFO - Dependencies all met for dep_context=requeueable deps ti=<TaskInstance: etl_dm.tg_sales_order_item_flat.tg_postprocess_sales_order_item_flat.mark_last_loaded_sales_order_item_flat manual__2025-06-06T10:10:09.043719+00:00 [queued]>
[2025-06-06T10:10:27.672+0000] {taskinstance.py:2306} INFO - Starting attempt 1 of 1
[2025-06-06T10:10:27.857+0000] {taskinstance.py:2330} INFO - Executing <Task(_PythonDecoratedOperator): tg_sales_order_item_flat.tg_postprocess_sales_order_item_flat.mark_last_loaded_sales_order_item_flat> on 2025-06-06 10:10:09.043719+00:00
[2025-06-06T10:10:27.867+0000] {logging_mixin.py:188} WARNING - /home/airflow/.local/lib/python3.12/site-packages/airflow/task/task_runner/standard_task_runner.py:61 DeprecationWarning: This process (pid=603) is multi-threaded, use of fork() may lead to deadlocks in the child.
[2025-06-06T10:10:27.868+0000] {standard_task_runner.py:63} INFO - Started process 605 to run task
[2025-06-06T10:10:27.867+0000] {standard_task_runner.py:90} INFO - Running: ['airflow', 'tasks', 'run', 'etl_dm', 'tg_sales_order_item_flat.tg_postprocess_sales_order_item_flat.mark_last_loaded_sales_order_item_flat', 'manual__2025-06-06T10:10:09.043719+00:00', '--job-id', '76', '--raw', '--subdir', 'DAGS_FOLDER/etl_datamart/dag.py', '--cfg-path', '/tmp/tmpw1qsmjxz']
[2025-06-06T10:10:27.869+0000] {standard_task_runner.py:91} INFO - Job 76: Subtask tg_sales_order_item_flat.tg_postprocess_sales_order_item_flat.mark_last_loaded_sales_order_item_flat
[2025-06-06T10:10:27.926+0000] {task_command.py:426} INFO - Running <TaskInstance: etl_dm.tg_sales_order_item_flat.tg_postprocess_sales_order_item_flat.mark_last_loaded_sales_order_item_flat manual__2025-06-06T10:10:09.043719+00:00 [running]> on host b168fc67a480
[2025-06-06T10:10:28.061+0000] {taskinstance.py:2648} INFO - Exporting env vars: AIRFLOW_CTX_DAG_OWNER='airflow' AIRFLOW_CTX_DAG_ID='etl_dm' AIRFLOW_CTX_TASK_ID='tg_sales_order_item_flat.tg_postprocess_sales_order_item_flat.mark_last_loaded_sales_order_item_flat' AIRFLOW_CTX_EXECUTION_DATE='2025-06-06T10:10:09.043719+00:00' AIRFLOW_CTX_TRY_NUMBER='1' AIRFLOW_CTX_DAG_RUN_ID='manual__2025-06-06T10:10:09.043719+00:00'
[2025-06-06T10:10:28.064+0000] {taskinstance.py:430} INFO - ::endgroup::
[2025-06-06T10:10:28.067+0000] {tasks.py:214} INFO - Loading SQL from file: /opt/airflow/sql/postgres_data_warehouse/insert_load_audit.sql
[2025-06-06T10:10:28.084+0000] {tasks.py:229} INFO - Split into 1 individual SQL statements
[2025-06-06T10:10:28.085+0000] {tasks.py:233} INFO - Executing:
INSERT INTO public.load_audit (table_name, last_loaded, data_quality)
VALUES
    (%s, NOW(), %s)
ON CONFLICT (table_name) DO UPDATE
SET 
    last_loaded = EXCLUDED.last_loaded,
    data_quality = EXCLUDED.data_quality
WHERE (
    public.load_audit.last_loaded,
    public.load_audit.data_quality) 
IS DISTINCT FROM (
    EXCLUDED.last_loaded,
    EXCLUDED.data_quality);
 with parameters: ('dm.sales_order_item_flat', "[[['sales_order_item_flat', 7684]], [[0]], [[0]], [[0]], [[0]], [[0]], [[0]], [[0]], [[0]]]")
[2025-06-06T10:10:28.096+0000] {base.py:84} INFO - Using connection ID 'postgres_default' for task execution.
[2025-06-06T10:10:28.102+0000] {sql.py:470} INFO - Running statement: INSERT INTO public.load_audit (table_name, last_loaded, data_quality)
VALUES
    (%s, NOW(), %s)
ON CONFLICT (table_name) DO UPDATE
SET 
    last_loaded = EXCLUDED.last_loaded,
    data_quality = EXCLUDED.data_quality
WHERE (
    public.load_audit.last_loaded,
    public.load_audit.data_quality) 
IS DISTINCT FROM (
    EXCLUDED.last_loaded,
    EXCLUDED.data_quality);, parameters: ('dm.sales_order_item_flat', "[[['sales_order_item_flat', 7684]], [[0]], [[0]], [[0]], [[0]], [[0]], [[0]], [[0]], [[0]]]")
[2025-06-06T10:10:28.104+0000] {sql.py:479} INFO - Rows affected: 1
[2025-06-06T10:10:28.107+0000] {python.py:237} INFO - Done. Returned value was: [None]
[2025-06-06T10:10:28.108+0000] {taskinstance.py:441} INFO - ::group::Post task execution logs
[2025-06-06T10:10:28.134+0000] {taskinstance.py:1206} INFO - Marking task as SUCCESS. dag_id=etl_dm, task_id=tg_sales_order_item_flat.tg_postprocess_sales_order_item_flat.mark_last_loaded_sales_order_item_flat, run_id=manual__2025-06-06T10:10:09.043719+00:00, execution_date=20250606T101009, start_date=20250606T101027, end_date=20250606T101028
[2025-06-06T10:10:28.163+0000] {local_task_job_runner.py:240} INFO - Task exited with return code 0
[2025-06-06T10:10:28.184+0000] {taskinstance.py:3498} INFO - 0 downstream tasks scheduled from follow-on schedule check
[2025-06-06T10:10:28.187+0000] {local_task_job_runner.py:222} INFO - ::endgroup::
