[2025-06-06T10:10:01.278+0000] {local_task_job_runner.py:120} INFO - ::group::Pre task execution logs
[2025-06-06T10:10:01.545+0000] {taskinstance.py:2076} INFO - Dependencies all met for dep_context=non-requeueable deps ti=<TaskInstance: etl_ods.tg_salesorder.tg_postprocess_salesorder.mark_last_loaded_salesorder manual__2025-06-06T10:09:16.601242+00:00 [queued]>
[2025-06-06T10:10:01.566+0000] {taskinstance.py:2076} INFO - Dependencies all met for dep_context=requeueable deps ti=<TaskInstance: etl_ods.tg_salesorder.tg_postprocess_salesorder.mark_last_loaded_salesorder manual__2025-06-06T10:09:16.601242+00:00 [queued]>
[2025-06-06T10:10:01.567+0000] {taskinstance.py:2306} INFO - Starting attempt 1 of 1
[2025-06-06T10:10:01.593+0000] {taskinstance.py:2330} INFO - Executing <Task(_PythonDecoratedOperator): tg_salesorder.tg_postprocess_salesorder.mark_last_loaded_salesorder> on 2025-06-06 10:09:16.601242+00:00
[2025-06-06T10:10:01.610+0000] {standard_task_runner.py:90} INFO - Running: ['airflow', 'tasks', 'run', 'etl_ods', 'tg_salesorder.tg_postprocess_salesorder.mark_last_loaded_salesorder', 'manual__2025-06-06T10:09:16.601242+00:00', '--job-id', '65', '--raw', '--subdir', 'DAGS_FOLDER/etl_ods/dag.py', '--cfg-path', '/tmp/tmp1a8q9llk']
[2025-06-06T10:10:01.613+0000] {logging_mixin.py:188} WARNING - /home/airflow/.local/lib/python3.12/site-packages/airflow/task/task_runner/standard_task_runner.py:61 DeprecationWarning: This process (pid=536) is multi-threaded, use of fork() may lead to deadlocks in the child.
[2025-06-06T10:10:01.615+0000] {standard_task_runner.py:91} INFO - Job 65: Subtask tg_salesorder.tg_postprocess_salesorder.mark_last_loaded_salesorder
[2025-06-06T10:10:01.616+0000] {standard_task_runner.py:63} INFO - Started process 539 to run task
[2025-06-06T10:10:01.712+0000] {task_command.py:426} INFO - Running <TaskInstance: etl_ods.tg_salesorder.tg_postprocess_salesorder.mark_last_loaded_salesorder manual__2025-06-06T10:09:16.601242+00:00 [running]> on host b168fc67a480
[2025-06-06T10:10:01.923+0000] {taskinstance.py:2648} INFO - Exporting env vars: AIRFLOW_CTX_DAG_OWNER='airflow' AIRFLOW_CTX_DAG_ID='etl_ods' AIRFLOW_CTX_TASK_ID='tg_salesorder.tg_postprocess_salesorder.mark_last_loaded_salesorder' AIRFLOW_CTX_EXECUTION_DATE='2025-06-06T10:09:16.601242+00:00' AIRFLOW_CTX_TRY_NUMBER='1' AIRFLOW_CTX_DAG_RUN_ID='manual__2025-06-06T10:09:16.601242+00:00'
[2025-06-06T10:10:01.926+0000] {taskinstance.py:430} INFO - ::endgroup::
[2025-06-06T10:10:01.929+0000] {tasks.py:214} INFO - Loading SQL from file: /opt/airflow/sql/postgres_data_warehouse/insert_load_audit.sql
[2025-06-06T10:10:01.952+0000] {tasks.py:229} INFO - Split into 1 individual SQL statements
[2025-06-06T10:10:01.953+0000] {tasks.py:233} INFO - Executing:
INSERT INTO public.load_audit (table_name, last_loaded, data_quality)
VALUES
    (%s, NOW(), %s)
ON CONFLICT (table_name) DO UPDATE
SET 
    last_loaded = EXCLUDED.last_loaded,
    data_quality = EXCLUDED.data_quality
WHERE (
    public.load_audit.last_loaded,
    public.load_audit.data_quality) 
IS DISTINCT FROM (
    EXCLUDED.last_loaded,
    EXCLUDED.data_quality);
 with parameters: ('ods.salesorder', "[[['salesorder', 4799]], [[0]], [[0]], [[0]], [[0]], []]")
[2025-06-06T10:10:01.967+0000] {base.py:84} INFO - Using connection ID 'postgres_default' for task execution.
[2025-06-06T10:10:01.974+0000] {sql.py:470} INFO - Running statement: INSERT INTO public.load_audit (table_name, last_loaded, data_quality)
VALUES
    (%s, NOW(), %s)
ON CONFLICT (table_name) DO UPDATE
SET 
    last_loaded = EXCLUDED.last_loaded,
    data_quality = EXCLUDED.data_quality
WHERE (
    public.load_audit.last_loaded,
    public.load_audit.data_quality) 
IS DISTINCT FROM (
    EXCLUDED.last_loaded,
    EXCLUDED.data_quality);, parameters: ('ods.salesorder', "[[['salesorder', 4799]], [[0]], [[0]], [[0]], [[0]], []]")
[2025-06-06T10:10:01.976+0000] {sql.py:479} INFO - Rows affected: 1
[2025-06-06T10:10:01.978+0000] {python.py:237} INFO - Done. Returned value was: [None]
[2025-06-06T10:10:01.979+0000] {taskinstance.py:441} INFO - ::group::Post task execution logs
[2025-06-06T10:10:02.013+0000] {taskinstance.py:1206} INFO - Marking task as SUCCESS. dag_id=etl_ods, task_id=tg_salesorder.tg_postprocess_salesorder.mark_last_loaded_salesorder, run_id=manual__2025-06-06T10:09:16.601242+00:00, execution_date=20250606T100916, start_date=20250606T101001, end_date=20250606T101002
[2025-06-06T10:10:02.073+0000] {local_task_job_runner.py:240} INFO - Task exited with return code 0
[2025-06-06T10:10:02.112+0000] {taskinstance.py:3498} INFO - 0 downstream tasks scheduled from follow-on schedule check
[2025-06-06T10:10:02.115+0000] {local_task_job_runner.py:222} INFO - ::endgroup::
