[2025-06-06T10:09:04.836+0000] {local_task_job_runner.py:120} INFO - ::group::Pre task execution logs
[2025-06-06T10:09:05.250+0000] {taskinstance.py:2076} INFO - Dependencies all met for dep_context=non-requeueable deps ti=<TaskInstance: etl_landing.tg_salesorderitem.tg_postprocess_salesorderitem.index_target_salesorderitem scheduled__2025-06-05T00:00:00+00:00 [queued]>
[2025-06-06T10:09:05.286+0000] {taskinstance.py:2076} INFO - Dependencies all met for dep_context=requeueable deps ti=<TaskInstance: etl_landing.tg_salesorderitem.tg_postprocess_salesorderitem.index_target_salesorderitem scheduled__2025-06-05T00:00:00+00:00 [queued]>
[2025-06-06T10:09:05.288+0000] {taskinstance.py:2306} INFO - Starting attempt 1 of 1
[2025-06-06T10:09:05.324+0000] {taskinstance.py:2330} INFO - Executing <Task(SQLExecuteQueryOperator): tg_salesorderitem.tg_postprocess_salesorderitem.index_target_salesorderitem> on 2025-06-05 00:00:00+00:00
[2025-06-06T10:09:05.344+0000] {logging_mixin.py:188} WARNING - /home/airflow/.local/lib/python3.12/site-packages/airflow/task/task_runner/standard_task_runner.py:61 DeprecationWarning: This process (pid=373) is multi-threaded, use of fork() may lead to deadlocks in the child.
[2025-06-06T10:09:05.347+0000] {standard_task_runner.py:63} INFO - Started process 379 to run task
[2025-06-06T10:09:05.343+0000] {standard_task_runner.py:90} INFO - Running: ['airflow', 'tasks', 'run', 'etl_landing', 'tg_salesorderitem.tg_postprocess_salesorderitem.index_target_salesorderitem', 'scheduled__2025-06-05T00:00:00+00:00', '--job-id', '36', '--raw', '--subdir', 'DAGS_FOLDER/etl_landing/dag.py', '--cfg-path', '/tmp/tmprvtc2ctp']
[2025-06-06T10:09:05.351+0000] {standard_task_runner.py:91} INFO - Job 36: Subtask tg_salesorderitem.tg_postprocess_salesorderitem.index_target_salesorderitem
[2025-06-06T10:09:05.500+0000] {task_command.py:426} INFO - Running <TaskInstance: etl_landing.tg_salesorderitem.tg_postprocess_salesorderitem.index_target_salesorderitem scheduled__2025-06-05T00:00:00+00:00 [running]> on host b168fc67a480
[2025-06-06T10:09:05.718+0000] {taskinstance.py:2648} INFO - Exporting env vars: AIRFLOW_CTX_DAG_OWNER='airflow' AIRFLOW_CTX_DAG_ID='etl_landing' AIRFLOW_CTX_TASK_ID='tg_salesorderitem.tg_postprocess_salesorderitem.index_target_salesorderitem' AIRFLOW_CTX_EXECUTION_DATE='2025-06-05T00:00:00+00:00' AIRFLOW_CTX_TRY_NUMBER='1' AIRFLOW_CTX_DAG_RUN_ID='scheduled__2025-06-05T00:00:00+00:00'
[2025-06-06T10:09:05.722+0000] {taskinstance.py:430} INFO - ::endgroup::
[2025-06-06T10:09:05.723+0000] {sql.py:276} INFO - Executing: CREATE INDEX IF NOT EXISTS idx_salesorderitem_item_id_modified_at
                ON lz.salesorderitem (item_id, modified_at DESC);
            CREATE INDEX IF NOT EXISTS idx_salesorderitem_product_id_modified_at_item_id
                ON lz.salesorderitem (product_id, modified_at DESC, item_id);
            CREATE INDEX IF NOT EXISTS idx_salesorderitem_product_sku_modified_at_item_id
                ON lz.salesorderitem (product_sku, modified_at DESC, item_id);
[2025-06-06T10:09:05.741+0000] {base.py:84} INFO - Using connection ID 'postgres_default' for task execution.
[2025-06-06T10:09:05.759+0000] {base.py:84} INFO - Using connection ID 'postgres_default' for task execution.
[2025-06-06T10:09:05.768+0000] {sql.py:470} INFO - Running statement: CREATE INDEX IF NOT EXISTS idx_salesorderitem_item_id_modified_at
                ON lz.salesorderitem (item_id, modified_at DESC);
            CREATE INDEX IF NOT EXISTS idx_salesorderitem_product_id_modified_at_item_id
                ON lz.salesorderitem (product_id, modified_at DESC, item_id);
            CREATE INDEX IF NOT EXISTS idx_salesorderitem_product_sku_modified_at_item_id
                ON lz.salesorderitem (product_sku, modified_at DESC, item_id);, parameters: None
[2025-06-06T10:09:06.090+0000] {taskinstance.py:441} INFO - ::group::Post task execution logs
[2025-06-06T10:09:06.118+0000] {taskinstance.py:1206} INFO - Marking task as SUCCESS. dag_id=etl_landing, task_id=tg_salesorderitem.tg_postprocess_salesorderitem.index_target_salesorderitem, run_id=scheduled__2025-06-05T00:00:00+00:00, execution_date=20250605T000000, start_date=20250606T100905, end_date=20250606T100906
[2025-06-06T10:09:06.168+0000] {local_task_job_runner.py:240} INFO - Task exited with return code 0
[2025-06-06T10:09:06.251+0000] {taskinstance.py:3498} INFO - 1 downstream tasks scheduled from follow-on schedule check
[2025-06-06T10:09:06.255+0000] {local_task_job_runner.py:222} INFO - ::endgroup::
