[2025-06-06T10:09:04.806+0000] {local_task_job_runner.py:120} INFO - ::group::Pre task execution logs
[2025-06-06T10:09:05.177+0000] {taskinstance.py:2076} INFO - Dependencies all met for dep_context=non-requeueable deps ti=<TaskInstance: etl_landing.tg_salesorder.tg_postprocess_salesorder.index_target_salesorder scheduled__2025-06-05T00:00:00+00:00 [queued]>
[2025-06-06T10:09:05.207+0000] {taskinstance.py:2076} INFO - Dependencies all met for dep_context=requeueable deps ti=<TaskInstance: etl_landing.tg_salesorder.tg_postprocess_salesorder.index_target_salesorder scheduled__2025-06-05T00:00:00+00:00 [queued]>
[2025-06-06T10:09:05.209+0000] {taskinstance.py:2306} INFO - Starting attempt 1 of 1
[2025-06-06T10:09:05.239+0000] {taskinstance.py:2330} INFO - Executing <Task(SQLExecuteQueryOperator): tg_salesorder.tg_postprocess_salesorder.index_target_salesorder> on 2025-06-05 00:00:00+00:00
[2025-06-06T10:09:05.256+0000] {logging_mixin.py:188} WARNING - /home/airflow/.local/lib/python3.12/site-packages/airflow/task/task_runner/standard_task_runner.py:61 DeprecationWarning: This process (pid=374) is multi-threaded, use of fork() may lead to deadlocks in the child.
[2025-06-06T10:09:05.259+0000] {standard_task_runner.py:63} INFO - Started process 378 to run task
[2025-06-06T10:09:05.255+0000] {standard_task_runner.py:90} INFO - Running: ['airflow', 'tasks', 'run', 'etl_landing', 'tg_salesorder.tg_postprocess_salesorder.index_target_salesorder', 'scheduled__2025-06-05T00:00:00+00:00', '--job-id', '35', '--raw', '--subdir', 'DAGS_FOLDER/etl_landing/dag.py', '--cfg-path', '/tmp/tmpuubpx_gb']
[2025-06-06T10:09:05.260+0000] {standard_task_runner.py:91} INFO - Job 35: Subtask tg_salesorder.tg_postprocess_salesorder.index_target_salesorder
[2025-06-06T10:09:05.394+0000] {task_command.py:426} INFO - Running <TaskInstance: etl_landing.tg_salesorder.tg_postprocess_salesorder.index_target_salesorder scheduled__2025-06-05T00:00:00+00:00 [running]> on host b168fc67a480
[2025-06-06T10:09:05.682+0000] {taskinstance.py:2648} INFO - Exporting env vars: AIRFLOW_CTX_DAG_OWNER='airflow' AIRFLOW_CTX_DAG_ID='etl_landing' AIRFLOW_CTX_TASK_ID='tg_salesorder.tg_postprocess_salesorder.index_target_salesorder' AIRFLOW_CTX_EXECUTION_DATE='2025-06-05T00:00:00+00:00' AIRFLOW_CTX_TRY_NUMBER='1' AIRFLOW_CTX_DAG_RUN_ID='scheduled__2025-06-05T00:00:00+00:00'
[2025-06-06T10:09:05.686+0000] {taskinstance.py:430} INFO - ::endgroup::
[2025-06-06T10:09:05.687+0000] {sql.py:276} INFO - Executing: CREATE INDEX IF NOT EXISTS idx_salesorder_id_modified_at
                ON lz.salesorder (id, modified_at DESC);
            CREATE INDEX IF NOT EXISTS idx_salesorder_order_number_modified_at
                ON lz.salesorder (order_number, modified_at DESC);
[2025-06-06T10:09:05.706+0000] {base.py:84} INFO - Using connection ID 'postgres_default' for task execution.
[2025-06-06T10:09:05.722+0000] {base.py:84} INFO - Using connection ID 'postgres_default' for task execution.
[2025-06-06T10:09:05.731+0000] {sql.py:470} INFO - Running statement: CREATE INDEX IF NOT EXISTS idx_salesorder_id_modified_at
                ON lz.salesorder (id, modified_at DESC);
            CREATE INDEX IF NOT EXISTS idx_salesorder_order_number_modified_at
                ON lz.salesorder (order_number, modified_at DESC);, parameters: None
[2025-06-06T10:09:05.937+0000] {taskinstance.py:441} INFO - ::group::Post task execution logs
[2025-06-06T10:09:05.957+0000] {taskinstance.py:1206} INFO - Marking task as SUCCESS. dag_id=etl_landing, task_id=tg_salesorder.tg_postprocess_salesorder.index_target_salesorder, run_id=scheduled__2025-06-05T00:00:00+00:00, execution_date=20250605T000000, start_date=20250606T100905, end_date=20250606T100905
[2025-06-06T10:09:05.998+0000] {local_task_job_runner.py:240} INFO - Task exited with return code 0
[2025-06-06T10:09:06.083+0000] {taskinstance.py:3498} INFO - 1 downstream tasks scheduled from follow-on schedule check
[2025-06-06T10:09:06.089+0000] {local_task_job_runner.py:222} INFO - ::endgroup::
